(bsrc-etl-venv) PS C:\Users\B25712\bsrc-etl-venv\bsrc-etl> pytest test/staging/test_extract_non_ssf_data.py
========================================================================================== test session starts =========================================================================================== 
platform win32 -- Python 3.10.11, pytest-8.3.3, pluggy-1.5.0
rootdir: C:\Users\B25712\bsrc-etl-venv\bsrc-etl
configfile: pyproject.toml
plugins: cov-6.0.0, mock-3.14.0
collected 3 items                                                                                                                                                                                          

test\staging\test_extract_non_ssf_data.py ..F                                                                                                                                                       [100%]

================================================================================================ FAILURES ================================================================================================
_________________________________________________________________________ test_check_file_expected_status[202505-test-container] _________________________________________________________________________

spark_session = <pyspark.sql.session.SparkSession object at 0x000001E7FF3B05B0>, mocker = <pytest_mock.plugin.MockerFixture object at 0x000001E7FF63A140>, run_month = '202505'
source_container = 'test-container'

    @pytest.mark.parametrize(
        ("run_month", "source_container"),
        [("202505", "test-container")],
    )
    def test_check_file_expected_status(
        spark_session,
        mocker,
        run_month,
        source_container,
    ):
        """Test the check_file_expected_status method."""
        # Create mock metadata
        schema_meta = [
            "SourceSystem",
            "SourceFileName",
            "FileDeliveryStep",
        ]
        mock_meta = spark_session.createDataFrame(
            [
                ("lrd_static", "TEST_FILE_EXPECTED", 0),  # EXPECTED = 0
                ("lrd_static", "TEST_FILE_REDELIVERY", 9),  # REDELIVERY = 9
                ("lrd_static", "TEST_FILE_OTHER", 5),  # Some other status
            ],
            schema=schema_meta,
        )

        mock_log = spark_session.createDataFrame([("dummy", 1)], schema=["col1", "col2"])

        # Mock spark read
        mock_read = mocker.patch("pyspark.sql.SparkSession.read", autospec=True)
        mock_read.table.side_effect = [mock_meta, mock_log]

        # Create extraction instance
        extraction = ExtractNonSSFData(
            spark_session, run_month, source_container=source_container
        )

        # Test expected status
        assert extraction.check_file_expected_status("TEST_FILE_EXPECTED") is True

        # Test redelivery status
>       assert extraction.check_file_expected_status("TEST_FILE_REDELIVERY") is True
E       AssertionError: assert False is True
E        +  where False = check_file_expected_status('TEST_FILE_REDELIVERY')
E        +    where check_file_expected_status = ExtractNonSSFData(spark=<pyspark.sql.session.SparkSession object at 0x000001E7FF3B05B0>, run_month='202505', staging_flow_name='nonssf', file_delivery_status=<enum 'NonSSFStepStatus'>, source_container='test-container').check_file_expected_status

test\staging\test_extract_non_ssf_data.py:524: AssertionError
------------------------------------------------------------------------------------------ Captured stderr call ------------------------------------------------------------------------------------------ 

============================================================================================ warnings summary ============================================================================================ 
..\bsrc-etl-venv\lib\site-packages\holidays\deprecations\v1_incompatibility.py:40
  C:\Users\B25712\bsrc-etl-venv\bsrc-etl-venv\lib\site-packages\holidays\deprecations\v1_incompatibility.py:40: FutureIncompatibilityWarning:

  This is a future version incompatibility warning from Holidays v0.62
  to inform you about an upcoming change in our API versioning strategy that may affect your
  project's dependencies. Starting from version 1.0 onwards, we will be following a loose form of
  Semantic Versioning (SemVer, https://semver.org) to provide clearer communication regarding any
  potential breaking changes.

  This means that while we strive to maintain backward compatibility, there might be occasional
  updates that introduce breaking changes to our API. To ensure the stability of your projects,
  we highly recommend pinning the version of our API that you rely on. You can pin your current
  holidays v0.x dependency (e.g., holidays==0.62) or limit it (e.g., holidays<1.0) in order to
  avoid potentially unwanted upgrade to the version 1.0 when it's released (ETA 2025Q1-Q2).

  If you have any questions or concerns regarding this change, please don't hesitate to reach out
  to us via https://github.com/vacanza/holidays/discussions/1800.

    warnings.warn(

-- Docs: https://docs.pytest.org/en/stable/how-to/capture-warnings.html

---------- coverage: platform win32, python 3.10.11-final-0 ----------
Name                                                             Stmts   Miss  Cover   Missing
----------------------------------------------------------------------------------------------
src\__init__.py                                                      0      0   100%
src\abnamro_bsrc_etl\__init__.py                                     0      0   100%
src\abnamro_bsrc_etl\config\__init__.py                              0      0   100%
src\abnamro_bsrc_etl\config\business_logic.py                       54      0   100%
src\abnamro_bsrc_etl\config\constants.py                             2      0   100%
src\abnamro_bsrc_etl\config\exceptions.py                           31     31     0%   1-71
src\abnamro_bsrc_etl\config\process.py                               7      7     0%   1-10
src\abnamro_bsrc_etl\config\schema.py                                5      5     0%   1-52
src\abnamro_bsrc_etl\dq\__init__.py                                  0      0   100%
src\abnamro_bsrc_etl\dq\dq_validation.py                           150     88    41%   54-55, 69, 77-78, 88, 176-181, 201-249, 269-286, 323-350, 377-392, 414-486
src\abnamro_bsrc_etl\extract\__init__.py                             0      0   100%
src\abnamro_bsrc_etl\extract\master_data_sql.py                     96     71    26%   31-33, 37-38, 42, 59-88, 109-137, 149-156, 162-164, 188, 222-231, 285-300, 329-356
src\abnamro_bsrc_etl\month_setup\__init__.py                         0      0   100%
src\abnamro_bsrc_etl\month_setup\dial_derive_snapshotdate.py        36     27    25%   12-18, 28-37, 47-50, 69-85
src\abnamro_bsrc_etl\month_setup\metadata_log_tables.py             40     25    38%   23-84, 159, 166-203
src\abnamro_bsrc_etl\month_setup\setup_new_month.py                 29     29     0%   1-94
src\abnamro_bsrc_etl\scripts\__init__.py                             0      0   100%
src\abnamro_bsrc_etl\scripts\dial_check_delayed_files.py            27     27     0%   1-69
src\abnamro_bsrc_etl\scripts\dial_staging_process.py                65     65     0%   1-280
src\abnamro_bsrc_etl\scripts\export_tine_tables.py                   6      6     0%   1-9
src\abnamro_bsrc_etl\scripts\new_month_setup.py                      7      7     0%   1-18
src\abnamro_bsrc_etl\scripts\nonssf_staging_process.py              57     57     0%   1-238
src\abnamro_bsrc_etl\scripts\run_mapping.py                         26     26     0%   9-113
src\abnamro_bsrc_etl\scripts\ssf_staging_process.py                 58     58     0%   1-234
src\abnamro_bsrc_etl\staging\__init__.py                             0      0   100%
src\abnamro_bsrc_etl\staging\extract_base.py                        77      8    90%   156, 162-164, 304-312
src\abnamro_bsrc_etl\staging\extract_dial_data.py                   77     77     0%   1-360
src\abnamro_bsrc_etl\staging\extract_nonssf_data.py                144      9    94%   47, 183-188, 237, 263, 278-279, 388-392
src\abnamro_bsrc_etl\staging\extract_ssf_data.py                   177    177     0%   1-620
src\abnamro_bsrc_etl\staging\status.py                              58      5    91%   18, 53-54, 107, 151
src\abnamro_bsrc_etl\transform\__init__.py                           0      0   100%
src\abnamro_bsrc_etl\transform\table_write_and_comment.py           79     79     0%   1-237
src\abnamro_bsrc_etl\transform\transform_business_logic_sql.py       9      9     0%   1-25
src\abnamro_bsrc_etl\utils\__init__.py                               0      0   100%
src\abnamro_bsrc_etl\utils\alias_util.py                            18     18     0%   1-109
src\abnamro_bsrc_etl\utils\export_parquet.py                        22      6    73%   49-54, 67-68
src\abnamro_bsrc_etl\utils\get_dbutils.py                            3      0   100%
src\abnamro_bsrc_etl\utils\get_env.py                               12      0   100%
src\abnamro_bsrc_etl\utils\logging_util.py                          10      0   100%
src\abnamro_bsrc_etl\utils\parameter_utils.py                       25     13    48%   34, 38-42, 79-84, 105-116
src\abnamro_bsrc_etl\utils\parse_yaml.py                            28     28     0%   1-127
src\abnamro_bsrc_etl\utils\sources_util.py                          56     56     0%   1-218
src\abnamro_bsrc_etl\utils\table_logging.py                         19      0   100%
src\abnamro_bsrc_etl\utils\table_schema.py                           6      6     0%   1-16
src\abnamro_bsrc_etl\utils\transformations_util.py                  20     12    40%   20-25, 39, 51, 65-68
src\abnamro_bsrc_etl\validate\__init__.py                            0      0   100%
src\abnamro_bsrc_etl\validate\base.py                                5      5     0%   1-7
src\abnamro_bsrc_etl\validate\expressions.py                        34     34     0%   1-75
src\abnamro_bsrc_etl\validate\run_all.py                            15     15     0%   1-48
src\abnamro_bsrc_etl\validate\sources.py                            33     33     0%   1-67
src\abnamro_bsrc_etl\validate\transformations.py                   200    200     0%   1-593
src\abnamro_bsrc_etl\validate\validate_sql.py                       63     63     0%   1-130
src\abnamro_bsrc_etl\validate\yaml.py                               19     19     0%   1-34
----------------------------------------------------------------------------------------------
TOTAL                                                             1905   1401    26%
Coverage HTML written to dir htmlcov

======================================================================================== short test summary info =========================================================================================
FAILED test/staging/test_extract_non_ssf_data.py::test_check_file_expected_status[202505-test-container] - AssertionError: assert False is True
=========================================================================== 1 failed, 2 passed, 1 warning in 122.30s (0:02:02) =========================================================================== 
(bsrc-etl-venv) PS C:\Users\B25712\bsrc-etl-venv\bsrc-etl> SUCCESS: The process with PID 26284 (child process of PID 28852) has been terminated.
SUCCESS: The process with PID 28852 (child process of PID 26736) has been terminated.
SUCCESS: The process with PID 26736 (child process of PID 16412) has been terminated.
