(bsrc-etl-venv) PS C:\Users\B25712\bsrc-etl-venv\bsrc-etl> pytest test/scripts/test_export_tine_tables.py                 
===================================================================================== test session starts ======================================================================================
platform win32 -- Python 3.10.11, pytest-8.3.3, pluggy-1.5.0
rootdir: C:\Users\B25712\bsrc-etl-venv\bsrc-etl
configfile: pyproject.toml
plugins: cov-6.0.0, mock-3.14.0
collected 4 items

test\scripts\test_export_tine_tables.py ...F                                                                                                                                              [100%]

=========================================================================================== FAILURES =========================================================================================== 
__________________________________________________________________________________ test_create_json_metadata ___________________________________________________________________________________ 

spark_session = <pyspark.sql.session.SparkSession object at 0x000001E3D90F4FA0>, mocker = <pytest_mock.plugin.MockerFixture object at 0x000001E3D90E6620>

    def test_create_json_metadata(
        spark_session,
        mocker,
    ):
        mocker.patch(
            "abnamro_bsrc_etl.scripts.export_tine_tables.get_container_path",
            return_value="../data",
        )

        df = spark_session.createDataFrame(
            [(1, 2, date(9999, 12, 31)), (2, 7, date(9999, 12, 31))],
            schema=["a", "b", "REPORTING_DATE"],
        )
>       assert export_to_parquet(
            spark_session,
            run_month="999912",
            folder="test_export",
            file_name="test_table",
            data=df,
            local=True,
        )
E       AssertionError: assert False
E        +  where False = export_to_parquet(<pyspark.sql.session.SparkSession object at 0x000001E3D90F4FA0>, run_month='999912', folder='test_export', file_name='test_table', data=DataFrame[a: bigint, b: bigint, REPORTING_DATE: date], local=True)

test\scripts\test_export_tine_tables.py:124: AssertionError
------------------------------------------------------------------------------------ Captured stderr setup ------------------------------------------------------------------------------------- 
Setting default log level to "WARN".
To adjust logging level use sc.setLogLevel(newLevel). For SparkR, use setLogLevel(newLevel).
------------------------------------------------------------------------------------- Captured stdout call ------------------------------------------------------------------------------------- 
2025-09-10 14:53:05 [ERROR] export_to_parquet:  Could not write data to parquet test_export/test_table.parquet
Traceback (most recent call last):
  File "C:\Users\B25712\bsrc-etl-venv\bsrc-etl\src\abnamro_bsrc_etl\utils\export_parquet.py", line 45, in export_to_parquet
    data.write.parquet(
  File "C:\Users\B25712\bsrc-etl-venv\bsrc-etl-venv\lib\site-packages\pyspark\sql\readwriter.py", line 1721, in parquet
    self._jwrite.parquet(path)
  File "C:\Users\B25712\bsrc-etl-venv\bsrc-etl-venv\lib\site-packages\py4j\java_gateway.py", line 1322, in __call__
    return_value = get_return_value(
  File "C:\Users\B25712\bsrc-etl-venv\bsrc-etl-venv\lib\site-packages\pyspark\errors\exceptions\captured.py", line 179, in deco
    return f(*a, **kw)
  File "C:\Users\B25712\bsrc-etl-venv\bsrc-etl-venv\lib\site-packages\py4j\protocol.py", line 326, in get_return_value
    raise Py4JJavaError(
py4j.protocol.Py4JJavaError: An error occurred while calling o53.parquet.
: org.apache.spark.SparkException: Job aborted due to stage failure: Task 0 in stage 0.0 failed 1 times, most recent failure: Lost task 0.0 in stage 0.0 (TID 0) (127.0.0.1 executor driver): java.io.IOException: Mkdirs failed to create file:/C:/Workspace/Shared/deployment/mappings/test/data/test_export/test_table.parquet/_temporary/0/_temporary/attempt_202509101453035631825439693107880_0000_m_000000_0 (exists=false, cwd=file:/C:/Users/B25712/bsrc-etl-venv/bsrc-etl)
        at org.apache.hadoop.fs.ChecksumFileSystem.create(ChecksumFileSystem.java:515)
        at org.apache.hadoop.fs.ChecksumFileSystem.create(ChecksumFileSystem.java:500)
        at org.apache.hadoop.fs.FileSystem.create(FileSystem.java:1195)
        at org.apache.hadoop.fs.FileSystem.create(FileSystem.java:1175)
        at org.apache.parquet.hadoop.util.HadoopOutputFile.create(HadoopOutputFile.java:74)
        at org.apache.parquet.hadoop.ParquetFileWriter.<init>(ParquetFileWriter.java:347)
        at org.apache.parquet.hadoop.ParquetFileWriter.<init>(ParquetFileWriter.java:314)
        at org.apache.parquet.hadoop.ParquetOutputFormat.getRecordWriter(ParquetOutputFormat.java:484)
        at org.apache.parquet.hadoop.ParquetOutputFormat.getRecordWriter(ParquetOutputFormat.java:422)
        at org.apache.parquet.hadoop.ParquetOutputFormat.getRecordWriter(ParquetOutputFormat.java:411)
        at org.apache.spark.sql.execution.datasources.parquet.ParquetOutputWriter.<init>(ParquetOutputWriter.scala:36)
        at org.apache.spark.sql.execution.datasources.parquet.ParquetUtils$$anon$1.newInstance(ParquetUtils.scala:490)
        at org.apache.spark.sql.execution.datasources.SingleDirectoryDataWriter.newOutputWriter(FileFormatDataWriter.scala:161)
        at org.apache.spark.sql.execution.datasources.SingleDirectoryDataWriter.<init>(FileFormatDataWriter.scala:146)
        at org.apache.spark.sql.execution.datasources.FileFormatWriter$.executeTask(FileFormatWriter.scala:389)
        at org.apache.spark.sql.execution.datasources.WriteFilesExec.$anonfun$doExecuteWrite$1(WriteFiles.scala:100)
        at org.apache.spark.rdd.RDD.$anonfun$mapPartitionsInternal$2(RDD.scala:893)
        at org.apache.spark.rdd.RDD.$anonfun$mapPartitionsInternal$2$adapted(RDD.scala:893)
        at org.apache.spark.rdd.MapPartitionsRDD.compute(MapPartitionsRDD.scala:52)
        at org.apache.spark.rdd.RDD.computeOrReadCheckpoint(RDD.scala:367)
        at org.apache.spark.rdd.RDD.iterator(RDD.scala:331)
        at org.apache.spark.scheduler.ResultTask.runTask(ResultTask.scala:93)
        at org.apache.spark.TaskContext.runTaskWithListeners(TaskContext.scala:166)
        at org.apache.spark.scheduler.Task.run(Task.scala:141)
        at org.apache.spark.executor.Executor$TaskRunner.$anonfun$run$4(Executor.scala:620)
        at org.apache.spark.util.SparkErrorUtils.tryWithSafeFinally(SparkErrorUtils.scala:64)
        at org.apache.spark.util.SparkErrorUtils.tryWithSafeFinally$(SparkErrorUtils.scala:61)
        at org.apache.spark.util.Utils$.tryWithSafeFinally(Utils.scala:94)
        at org.apache.spark.executor.Executor$TaskRunner.run(Executor.scala:623)
        at java.base/java.util.concurrent.ThreadPoolExecutor.runWorker(ThreadPoolExecutor.java:1128)
        at java.base/java.util.concurrent.ThreadPoolExecutor$Worker.run(ThreadPoolExecutor.java:628)
        at java.base/java.lang.Thread.run(Thread.java:829)

Driver stacktrace:
        at org.apache.spark.scheduler.DAGScheduler.failJobAndIndependentStages(DAGScheduler.scala:2856)
        at org.apache.spark.scheduler.DAGScheduler.$anonfun$abortStage$2(DAGScheduler.scala:2792)
        at org.apache.spark.scheduler.DAGScheduler.$anonfun$abortStage$2$adapted(DAGScheduler.scala:2791)
        at scala.collection.mutable.ResizableArray.foreach(ResizableArray.scala:62)
        at scala.collection.mutable.ResizableArray.foreach$(ResizableArray.scala:55)
        at scala.collection.mutable.ArrayBuffer.foreach(ArrayBuffer.scala:49)
        at org.apache.spark.scheduler.DAGScheduler.abortStage(DAGScheduler.scala:2791)
        at org.apache.spark.scheduler.DAGScheduler.$anonfun$handleTaskSetFailed$1(DAGScheduler.scala:1247)
        at org.apache.spark.scheduler.DAGScheduler.$anonfun$handleTaskSetFailed$1$adapted(DAGScheduler.scala:1247)
        at scala.Option.foreach(Option.scala:407)
        at org.apache.spark.scheduler.DAGScheduler.handleTaskSetFailed(DAGScheduler.scala:1247)
        at org.apache.spark.scheduler.DAGSchedulerEventProcessLoop.doOnReceive(DAGScheduler.scala:3060)
        at org.apache.spark.scheduler.DAGSchedulerEventProcessLoop.onReceive(DAGScheduler.scala:2994)
        at org.apache.spark.scheduler.DAGSchedulerEventProcessLoop.onReceive(DAGScheduler.scala:2983)
        at org.apache.spark.util.EventLoop$$anon$1.run(EventLoop.scala:49)
        at org.apache.spark.scheduler.DAGScheduler.runJob(DAGScheduler.scala:989)
        at org.apache.spark.SparkContext.runJob(SparkContext.scala:2393)
        at org.apache.spark.sql.execution.datasources.FileFormatWriter$.$anonfun$executeWrite$4(FileFormatWriter.scala:307)
        at org.apache.spark.sql.execution.datasources.FileFormatWriter$.writeAndCommit(FileFormatWriter.scala:271)
        at org.apache.spark.sql.execution.datasources.FileFormatWriter$.executeWrite(FileFormatWriter.scala:304)
        at org.apache.spark.sql.execution.datasources.FileFormatWriter$.write(FileFormatWriter.scala:190)
        at org.apache.spark.sql.execution.datasources.InsertIntoHadoopFsRelationCommand.run(InsertIntoHadoopFsRelationCommand.scala:190)
        at org.apache.spark.sql.execution.command.DataWritingCommandExec.sideEffectResult$lzycompute(commands.scala:113)
        at org.apache.spark.sql.execution.command.DataWritingCommandExec.sideEffectResult(commands.scala:111)
        at org.apache.spark.sql.execution.command.DataWritingCommandExec.executeCollect(commands.scala:125)
        at org.apache.spark.sql.execution.QueryExecution$$anonfun$eagerlyExecuteCommands$1.$anonfun$applyOrElse$1(QueryExecution.scala:107)
        at org.apache.spark.sql.execution.SQLExecution$.$anonfun$withNewExecutionId$6(SQLExecution.scala:125)
        at org.apache.spark.sql.execution.SQLExecution$.withSQLConfPropagated(SQLExecution.scala:201)
        at org.apache.spark.sql.execution.SQLExecution$.$anonfun$withNewExecutionId$1(SQLExecution.scala:108)
        at org.apache.spark.sql.SparkSession.withActive(SparkSession.scala:900)
        at org.apache.spark.sql.execution.SQLExecution$.withNewExecutionId(SQLExecution.scala:66)
        at org.apache.spark.sql.execution.QueryExecution$$anonfun$eagerlyExecuteCommands$1.applyOrElse(QueryExecution.scala:107)
        at org.apache.spark.sql.execution.QueryExecution$$anonfun$eagerlyExecuteCommands$1.applyOrElse(QueryExecution.scala:98)
        at org.apache.spark.sql.catalyst.trees.TreeNode.$anonfun$transformDownWithPruning$1(TreeNode.scala:461)
        at org.apache.spark.sql.catalyst.trees.CurrentOrigin$.withOrigin(origin.scala:76)
        at org.apache.spark.sql.catalyst.trees.TreeNode.transformDownWithPruning(TreeNode.scala:461)
        at org.apache.spark.sql.catalyst.plans.logical.LogicalPlan.org$apache$spark$sql$catalyst$plans$logical$AnalysisHelper$$super$transformDownWithPruning(LogicalPlan.scala:32)
        at org.apache.spark.sql.catalyst.plans.logical.AnalysisHelper.transformDownWithPruning(AnalysisHelper.scala:267)
        at org.apache.spark.sql.catalyst.plans.logical.AnalysisHelper.transformDownWithPruning$(AnalysisHelper.scala:263)
        at org.apache.spark.sql.catalyst.plans.logical.LogicalPlan.transformDownWithPruning(LogicalPlan.scala:32)
        at org.apache.spark.sql.catalyst.plans.logical.LogicalPlan.transformDownWithPruning(LogicalPlan.scala:32)
        at org.apache.spark.sql.catalyst.trees.TreeNode.transformDown(TreeNode.scala:437)
        at org.apache.spark.sql.execution.QueryExecution.eagerlyExecuteCommands(QueryExecution.scala:98)
        at org.apache.spark.sql.execution.QueryExecution.commandExecuted$lzycompute(QueryExecution.scala:85)
        at org.apache.spark.sql.execution.QueryExecution.commandExecuted(QueryExecution.scala:83)
        at org.apache.spark.sql.execution.QueryExecution.assertCommandExecuted(QueryExecution.scala:142)
        at org.apache.spark.sql.DataFrameWriter.runCommand(DataFrameWriter.scala:869)
        at org.apache.spark.sql.DataFrameWriter.saveToV1Source(DataFrameWriter.scala:391)
        at org.apache.spark.sql.DataFrameWriter.saveInternal(DataFrameWriter.scala:364)
        at org.apache.spark.sql.DataFrameWriter.save(DataFrameWriter.scala:243)
        at org.apache.spark.sql.DataFrameWriter.parquet(DataFrameWriter.scala:802)
        at java.base/jdk.internal.reflect.NativeMethodAccessorImpl.invoke0(Native Method)
        at java.base/jdk.internal.reflect.NativeMethodAccessorImpl.invoke(NativeMethodAccessorImpl.java:62)
        at java.base/jdk.internal.reflect.DelegatingMethodAccessorImpl.invoke(DelegatingMethodAccessorImpl.java:43)
        at java.base/java.lang.reflect.Method.invoke(Method.java:566)
        at py4j.reflection.MethodInvoker.invoke(MethodInvoker.java:244)
        at py4j.reflection.ReflectionEngine.invoke(ReflectionEngine.java:374)
        at py4j.Gateway.invoke(Gateway.java:282)
        at py4j.commands.AbstractCommand.invokeMethod(AbstractCommand.java:132)
        at py4j.commands.CallCommand.execute(CallCommand.java:79)
        at py4j.ClientServerConnection.waitForCommands(ClientServerConnection.java:182)
        at py4j.ClientServerConnection.run(ClientServerConnection.java:106)
        at java.base/java.lang.Thread.run(Thread.java:829)
Caused by: java.io.IOException: Mkdirs failed to create file:/C:/Workspace/Shared/deployment/mappings/test/data/test_export/test_table.parquet/_temporary/0/_temporary/attempt_202509101453035631825439693107880_0000_m_000000_0 (exists=false, cwd=file:/C:/Users/B25712/bsrc-etl-venv/bsrc-etl)
        at org.apache.hadoop.fs.ChecksumFileSystem.create(ChecksumFileSystem.java:515)
        at org.apache.hadoop.fs.ChecksumFileSystem.create(ChecksumFileSystem.java:500)
        at org.apache.hadoop.fs.FileSystem.create(FileSystem.java:1195)
        at org.apache.hadoop.fs.FileSystem.create(FileSystem.java:1175)
        at org.apache.parquet.hadoop.util.HadoopOutputFile.create(HadoopOutputFile.java:74)
        at org.apache.parquet.hadoop.ParquetFileWriter.<init>(ParquetFileWriter.java:347)
        at org.apache.parquet.hadoop.ParquetFileWriter.<init>(ParquetFileWriter.java:314)
        at org.apache.parquet.hadoop.ParquetOutputFormat.getRecordWriter(ParquetOutputFormat.java:484)
        at org.apache.parquet.hadoop.ParquetOutputFormat.getRecordWriter(ParquetOutputFormat.java:422)
        at org.apache.parquet.hadoop.ParquetOutputFormat.getRecordWriter(ParquetOutputFormat.java:411)
        at org.apache.spark.sql.execution.datasources.parquet.ParquetOutputWriter.<init>(ParquetOutputWriter.scala:36)
        at org.apache.spark.sql.execution.datasources.parquet.ParquetUtils$$anon$1.newInstance(ParquetUtils.scala:490)
        at org.apache.spark.sql.execution.datasources.SingleDirectoryDataWriter.newOutputWriter(FileFormatDataWriter.scala:161)
        at org.apache.spark.sql.execution.datasources.SingleDirectoryDataWriter.<init>(FileFormatDataWriter.scala:146)
        at org.apache.spark.sql.execution.datasources.FileFormatWriter$.executeTask(FileFormatWriter.scala:389)
        at org.apache.spark.sql.execution.datasources.WriteFilesExec.$anonfun$doExecuteWrite$1(WriteFiles.scala:100)
        at org.apache.spark.rdd.RDD.$anonfun$mapPartitionsInternal$2(RDD.scala:893)
        at org.apache.spark.rdd.RDD.$anonfun$mapPartitionsInternal$2$adapted(RDD.scala:893)
        at org.apache.spark.rdd.MapPartitionsRDD.compute(MapPartitionsRDD.scala:52)
        at org.apache.spark.rdd.RDD.computeOrReadCheckpoint(RDD.scala:367)
        at org.apache.spark.rdd.RDD.iterator(RDD.scala:331)
        at org.apache.spark.scheduler.ResultTask.runTask(ResultTask.scala:93)
        at org.apache.spark.TaskContext.runTaskWithListeners(TaskContext.scala:166)
        at org.apache.spark.scheduler.Task.run(Task.scala:141)
        at org.apache.spark.executor.Executor$TaskRunner.$anonfun$run$4(Executor.scala:620)
        at org.apache.spark.util.SparkErrorUtils.tryWithSafeFinally(SparkErrorUtils.scala:64)
        at org.apache.spark.util.SparkErrorUtils.tryWithSafeFinally$(SparkErrorUtils.scala:61)
        at org.apache.spark.util.Utils$.tryWithSafeFinally(Utils.scala:94)
        at org.apache.spark.executor.Executor$TaskRunner.run(Executor.scala:623)
        at java.base/java.util.concurrent.ThreadPoolExecutor.runWorker(ThreadPoolExecutor.java:1128)
        at java.base/java.util.concurrent.ThreadPoolExecutor$Worker.run(ThreadPoolExecutor.java:628)
        ... 1 more

2025-09-10 14:53:05 [ERROR] export_to_parquet:  Could not write data to parquet test_export/test_table.parquet
Traceback (most recent call last):
  File "C:\Users\B25712\bsrc-etl-venv\bsrc-etl\src\abnamro_bsrc_etl\utils\export_parquet.py", line 45, in export_to_parquet
    data.write.parquet(
  File "C:\Users\B25712\bsrc-etl-venv\bsrc-etl-venv\lib\site-packages\pyspark\sql\readwriter.py", line 1721, in parquet
    self._jwrite.parquet(path)
  File "C:\Users\B25712\bsrc-etl-venv\bsrc-etl-venv\lib\site-packages\py4j\java_gateway.py", line 1322, in __call__
    return_value = get_return_value(
  File "C:\Users\B25712\bsrc-etl-venv\bsrc-etl-venv\lib\site-packages\pyspark\errors\exceptions\captured.py", line 179, in deco
    return f(*a, **kw)
  File "C:\Users\B25712\bsrc-etl-venv\bsrc-etl-venv\lib\site-packages\py4j\protocol.py", line 326, in get_return_value
    raise Py4JJavaError(
py4j.protocol.Py4JJavaError: An error occurred while calling o53.parquet.
: org.apache.spark.SparkException: Job aborted due to stage failure: Task 0 in stage 0.0 failed 1 times, most recent failure: Lost task 0.0 in stage 0.0 (TID 0) (127.0.0.1 executor driver): java.io.IOException: Mkdirs failed to create file:/C:/Workspace/Shared/deployment/mappings/test/data/test_export/test_table.parquet/_temporary/0/_temporary/attempt_202509101453035631825439693107880_0000_m_000000_0 (exists=false, cwd=file:/C:/Users/B25712/bsrc-etl-venv/bsrc-etl)
        at org.apache.hadoop.fs.ChecksumFileSystem.create(ChecksumFileSystem.java:515)
        at org.apache.hadoop.fs.ChecksumFileSystem.create(ChecksumFileSystem.java:500)
        at org.apache.hadoop.fs.FileSystem.create(FileSystem.java:1195)
        at org.apache.hadoop.fs.FileSystem.create(FileSystem.java:1175)
        at org.apache.parquet.hadoop.util.HadoopOutputFile.create(HadoopOutputFile.java:74)
        at org.apache.parquet.hadoop.ParquetFileWriter.<init>(ParquetFileWriter.java:347)
        at org.apache.parquet.hadoop.ParquetFileWriter.<init>(ParquetFileWriter.java:314)
        at org.apache.parquet.hadoop.ParquetOutputFormat.getRecordWriter(ParquetOutputFormat.java:484)
        at org.apache.parquet.hadoop.ParquetOutputFormat.getRecordWriter(ParquetOutputFormat.java:422)
        at org.apache.parquet.hadoop.ParquetOutputFormat.getRecordWriter(ParquetOutputFormat.java:411)
        at org.apache.spark.sql.execution.datasources.parquet.ParquetOutputWriter.<init>(ParquetOutputWriter.scala:36)
        at org.apache.spark.sql.execution.datasources.parquet.ParquetUtils$$anon$1.newInstance(ParquetUtils.scala:490)
        at org.apache.spark.sql.execution.datasources.SingleDirectoryDataWriter.newOutputWriter(FileFormatDataWriter.scala:161)
        at org.apache.spark.sql.execution.datasources.SingleDirectoryDataWriter.<init>(FileFormatDataWriter.scala:146)
        at org.apache.spark.sql.execution.datasources.FileFormatWriter$.executeTask(FileFormatWriter.scala:389)
        at org.apache.spark.sql.execution.datasources.WriteFilesExec.$anonfun$doExecuteWrite$1(WriteFiles.scala:100)
        at org.apache.spark.rdd.RDD.$anonfun$mapPartitionsInternal$2(RDD.scala:893)
        at org.apache.spark.rdd.RDD.$anonfun$mapPartitionsInternal$2$adapted(RDD.scala:893)
        at org.apache.spark.rdd.MapPartitionsRDD.compute(MapPartitionsRDD.scala:52)
        at org.apache.spark.rdd.RDD.computeOrReadCheckpoint(RDD.scala:367)
        at org.apache.spark.rdd.RDD.iterator(RDD.scala:331)
        at org.apache.spark.scheduler.ResultTask.runTask(ResultTask.scala:93)
        at org.apache.spark.TaskContext.runTaskWithListeners(TaskContext.scala:166)
        at org.apache.spark.scheduler.Task.run(Task.scala:141)
        at org.apache.spark.executor.Executor$TaskRunner.$anonfun$run$4(Executor.scala:620)
        at org.apache.spark.util.SparkErrorUtils.tryWithSafeFinally(SparkErrorUtils.scala:64)
        at org.apache.spark.util.SparkErrorUtils.tryWithSafeFinally$(SparkErrorUtils.scala:61)
        at org.apache.spark.util.Utils$.tryWithSafeFinally(Utils.scala:94)
        at org.apache.spark.executor.Executor$TaskRunner.run(Executor.scala:623)
        at java.base/java.util.concurrent.ThreadPoolExecutor.runWorker(ThreadPoolExecutor.java:1128)
        at java.base/java.util.concurrent.ThreadPoolExecutor$Worker.run(ThreadPoolExecutor.java:628)
        at java.base/java.lang.Thread.run(Thread.java:829)

Driver stacktrace:
        at org.apache.spark.scheduler.DAGScheduler.failJobAndIndependentStages(DAGScheduler.scala:2856)
        at org.apache.spark.scheduler.DAGScheduler.$anonfun$abortStage$2(DAGScheduler.scala:2792)
        at org.apache.spark.scheduler.DAGScheduler.$anonfun$abortStage$2$adapted(DAGScheduler.scala:2791)
        at scala.collection.mutable.ResizableArray.foreach(ResizableArray.scala:62)
        at scala.collection.mutable.ResizableArray.foreach$(ResizableArray.scala:55)
        at scala.collection.mutable.ArrayBuffer.foreach(ArrayBuffer.scala:49)
        at org.apache.spark.scheduler.DAGScheduler.abortStage(DAGScheduler.scala:2791)
        at org.apache.spark.scheduler.DAGScheduler.$anonfun$handleTaskSetFailed$1(DAGScheduler.scala:1247)
        at org.apache.spark.scheduler.DAGScheduler.$anonfun$handleTaskSetFailed$1$adapted(DAGScheduler.scala:1247)
        at scala.Option.foreach(Option.scala:407)
        at org.apache.spark.scheduler.DAGScheduler.handleTaskSetFailed(DAGScheduler.scala:1247)
        at org.apache.spark.scheduler.DAGSchedulerEventProcessLoop.doOnReceive(DAGScheduler.scala:3060)
        at org.apache.spark.scheduler.DAGSchedulerEventProcessLoop.onReceive(DAGScheduler.scala:2994)
        at org.apache.spark.scheduler.DAGSchedulerEventProcessLoop.onReceive(DAGScheduler.scala:2983)
        at org.apache.spark.util.EventLoop$$anon$1.run(EventLoop.scala:49)
        at org.apache.spark.scheduler.DAGScheduler.runJob(DAGScheduler.scala:989)
        at org.apache.spark.SparkContext.runJob(SparkContext.scala:2393)
        at org.apache.spark.sql.execution.datasources.FileFormatWriter$.$anonfun$executeWrite$4(FileFormatWriter.scala:307)
        at org.apache.spark.sql.execution.datasources.FileFormatWriter$.writeAndCommit(FileFormatWriter.scala:271)
        at org.apache.spark.sql.execution.datasources.FileFormatWriter$.executeWrite(FileFormatWriter.scala:304)
        at org.apache.spark.sql.execution.datasources.FileFormatWriter$.write(FileFormatWriter.scala:190)
        at org.apache.spark.sql.execution.datasources.InsertIntoHadoopFsRelationCommand.run(InsertIntoHadoopFsRelationCommand.scala:190)
        at org.apache.spark.sql.execution.command.DataWritingCommandExec.sideEffectResult$lzycompute(commands.scala:113)
        at org.apache.spark.sql.execution.command.DataWritingCommandExec.sideEffectResult(commands.scala:111)
        at org.apache.spark.sql.execution.command.DataWritingCommandExec.executeCollect(commands.scala:125)
        at org.apache.spark.sql.execution.QueryExecution$$anonfun$eagerlyExecuteCommands$1.$anonfun$applyOrElse$1(QueryExecution.scala:107)
        at org.apache.spark.sql.execution.SQLExecution$.$anonfun$withNewExecutionId$6(SQLExecution.scala:125)
        at org.apache.spark.sql.execution.SQLExecution$.withSQLConfPropagated(SQLExecution.scala:201)
        at org.apache.spark.sql.execution.SQLExecution$.$anonfun$withNewExecutionId$1(SQLExecution.scala:108)
        at org.apache.spark.sql.SparkSession.withActive(SparkSession.scala:900)
        at org.apache.spark.sql.execution.SQLExecution$.withNewExecutionId(SQLExecution.scala:66)
        at org.apache.spark.sql.execution.QueryExecution$$anonfun$eagerlyExecuteCommands$1.applyOrElse(QueryExecution.scala:107)
        at org.apache.spark.sql.execution.QueryExecution$$anonfun$eagerlyExecuteCommands$1.applyOrElse(QueryExecution.scala:98)
        at org.apache.spark.sql.catalyst.trees.TreeNode.$anonfun$transformDownWithPruning$1(TreeNode.scala:461)
        at org.apache.spark.sql.catalyst.trees.CurrentOrigin$.withOrigin(origin.scala:76)
        at org.apache.spark.sql.catalyst.trees.TreeNode.transformDownWithPruning(TreeNode.scala:461)
        at org.apache.spark.sql.catalyst.plans.logical.LogicalPlan.org$apache$spark$sql$catalyst$plans$logical$AnalysisHelper$$super$transformDownWithPruning(LogicalPlan.scala:32)
        at org.apache.spark.sql.catalyst.plans.logical.AnalysisHelper.transformDownWithPruning(AnalysisHelper.scala:267)
        at org.apache.spark.sql.catalyst.plans.logical.AnalysisHelper.transformDownWithPruning$(AnalysisHelper.scala:263)
        at org.apache.spark.sql.catalyst.plans.logical.LogicalPlan.transformDownWithPruning(LogicalPlan.scala:32)
        at org.apache.spark.sql.catalyst.plans.logical.LogicalPlan.transformDownWithPruning(LogicalPlan.scala:32)
        at org.apache.spark.sql.catalyst.trees.TreeNode.transformDown(TreeNode.scala:437)
        at org.apache.spark.sql.execution.QueryExecution.eagerlyExecuteCommands(QueryExecution.scala:98)
        at org.apache.spark.sql.execution.QueryExecution.commandExecuted$lzycompute(QueryExecution.scala:85)
        at org.apache.spark.sql.execution.QueryExecution.commandExecuted(QueryExecution.scala:83)
        at org.apache.spark.sql.execution.QueryExecution.assertCommandExecuted(QueryExecution.scala:142)
        at org.apache.spark.sql.DataFrameWriter.runCommand(DataFrameWriter.scala:869)
        at org.apache.spark.sql.DataFrameWriter.saveToV1Source(DataFrameWriter.scala:391)
        at org.apache.spark.sql.DataFrameWriter.saveInternal(DataFrameWriter.scala:364)
        at org.apache.spark.sql.DataFrameWriter.save(DataFrameWriter.scala:243)
        at org.apache.spark.sql.DataFrameWriter.parquet(DataFrameWriter.scala:802)
        at java.base/jdk.internal.reflect.NativeMethodAccessorImpl.invoke0(Native Method)
        at java.base/jdk.internal.reflect.NativeMethodAccessorImpl.invoke(NativeMethodAccessorImpl.java:62)
        at java.base/jdk.internal.reflect.DelegatingMethodAccessorImpl.invoke(DelegatingMethodAccessorImpl.java:43)
        at java.base/java.lang.reflect.Method.invoke(Method.java:566)
        at py4j.reflection.MethodInvoker.invoke(MethodInvoker.java:244)
        at py4j.reflection.ReflectionEngine.invoke(ReflectionEngine.java:374)
        at py4j.Gateway.invoke(Gateway.java:282)
        at py4j.commands.AbstractCommand.invokeMethod(AbstractCommand.java:132)
        at py4j.commands.CallCommand.execute(CallCommand.java:79)
        at py4j.ClientServerConnection.waitForCommands(ClientServerConnection.java:182)
        at py4j.ClientServerConnection.run(ClientServerConnection.java:106)
        at java.base/java.lang.Thread.run(Thread.java:829)
Caused by: java.io.IOException: Mkdirs failed to create file:/C:/Workspace/Shared/deployment/mappings/test/data/test_export/test_table.parquet/_temporary/0/_temporary/attempt_202509101453035631825439693107880_0000_m_000000_0 (exists=false, cwd=file:/C:/Users/B25712/bsrc-etl-venv/bsrc-etl)
        at org.apache.hadoop.fs.ChecksumFileSystem.create(ChecksumFileSystem.java:515)
        at org.apache.hadoop.fs.ChecksumFileSystem.create(ChecksumFileSystem.java:500)
        at org.apache.hadoop.fs.FileSystem.create(FileSystem.java:1195)
        at org.apache.hadoop.fs.FileSystem.create(FileSystem.java:1175)
        at org.apache.parquet.hadoop.util.HadoopOutputFile.create(HadoopOutputFile.java:74)
        at org.apache.parquet.hadoop.ParquetFileWriter.<init>(ParquetFileWriter.java:347)
        at org.apache.parquet.hadoop.ParquetFileWriter.<init>(ParquetFileWriter.java:314)
        at org.apache.parquet.hadoop.ParquetOutputFormat.getRecordWriter(ParquetOutputFormat.java:484)
        at org.apache.parquet.hadoop.ParquetOutputFormat.getRecordWriter(ParquetOutputFormat.java:422)
        at org.apache.parquet.hadoop.ParquetOutputFormat.getRecordWriter(ParquetOutputFormat.java:411)
        at org.apache.spark.sql.execution.datasources.parquet.ParquetOutputWriter.<init>(ParquetOutputWriter.scala:36)
        at org.apache.spark.sql.execution.datasources.parquet.ParquetUtils$$anon$1.newInstance(ParquetUtils.scala:490)
        at org.apache.spark.sql.execution.datasources.SingleDirectoryDataWriter.newOutputWriter(FileFormatDataWriter.scala:161)
        at org.apache.spark.sql.execution.datasources.SingleDirectoryDataWriter.<init>(FileFormatDataWriter.scala:146)
        at org.apache.spark.sql.execution.datasources.FileFormatWriter$.executeTask(FileFormatWriter.scala:389)
        at org.apache.spark.sql.execution.datasources.WriteFilesExec.$anonfun$doExecuteWrite$1(WriteFiles.scala:100)
        at org.apache.spark.rdd.RDD.$anonfun$mapPartitionsInternal$2(RDD.scala:893)
        at org.apache.spark.rdd.RDD.$anonfun$mapPartitionsInternal$2$adapted(RDD.scala:893)
        at org.apache.spark.rdd.MapPartitionsRDD.compute(MapPartitionsRDD.scala:52)
        at org.apache.spark.rdd.RDD.computeOrReadCheckpoint(RDD.scala:367)
        at org.apache.spark.rdd.RDD.iterator(RDD.scala:331)
        at org.apache.spark.scheduler.ResultTask.runTask(ResultTask.scala:93)
        at org.apache.spark.TaskContext.runTaskWithListeners(TaskContext.scala:166)
        at org.apache.spark.scheduler.Task.run(Task.scala:141)
        at org.apache.spark.executor.Executor$TaskRunner.$anonfun$run$4(Executor.scala:620)
        at org.apache.spark.util.SparkErrorUtils.tryWithSafeFinally(SparkErrorUtils.scala:64)
        at org.apache.spark.util.SparkErrorUtils.tryWithSafeFinally$(SparkErrorUtils.scala:61)
        at org.apache.spark.util.Utils$.tryWithSafeFinally(Utils.scala:94)
        at org.apache.spark.executor.Executor$TaskRunner.run(Executor.scala:623)
        at java.base/java.util.concurrent.ThreadPoolExecutor.runWorker(ThreadPoolExecutor.java:1128)
        at java.base/java.util.concurrent.ThreadPoolExecutor$Worker.run(ThreadPoolExecutor.java:628)
        ... 1 more

2025-09-10 14:53:05 [ERROR] export_to_parquet:  An error occurred while calling o53.parquet.
Traceback (most recent call last):
  File "C:\Users\B25712\bsrc-etl-venv\bsrc-etl\src\abnamro_bsrc_etl\utils\export_parquet.py", line 45, in export_to_parquet
    data.write.parquet(
  File "C:\Users\B25712\bsrc-etl-venv\bsrc-etl-venv\lib\site-packages\pyspark\sql\readwriter.py", line 1721, in parquet
    self._jwrite.parquet(path)
  File "C:\Users\B25712\bsrc-etl-venv\bsrc-etl-venv\lib\site-packages\py4j\java_gateway.py", line 1322, in __call__
    return_value = get_return_value(
  File "C:\Users\B25712\bsrc-etl-venv\bsrc-etl-venv\lib\site-packages\pyspark\errors\exceptions\captured.py", line 179, in deco
    return f(*a, **kw)
  File "C:\Users\B25712\bsrc-etl-venv\bsrc-etl-venv\lib\site-packages\py4j\protocol.py", line 326, in get_return_value
    raise Py4JJavaError(
py4j.protocol.Py4JJavaError: An error occurred while calling o53.parquet.
: org.apache.spark.SparkException: Job aborted due to stage failure: Task 0 in stage 0.0 failed 1 times, most recent failure: Lost task 0.0 in stage 0.0 (TID 0) (127.0.0.1 executor driver): java.io.IOException: Mkdirs failed to create file:/C:/Workspace/Shared/deployment/mappings/test/data/test_export/test_table.parquet/_temporary/0/_temporary/attempt_202509101453035631825439693107880_0000_m_000000_0 (exists=false, cwd=file:/C:/Users/B25712/bsrc-etl-venv/bsrc-etl)
        at org.apache.hadoop.fs.ChecksumFileSystem.create(ChecksumFileSystem.java:515)
        at org.apache.hadoop.fs.ChecksumFileSystem.create(ChecksumFileSystem.java:500)
        at org.apache.hadoop.fs.FileSystem.create(FileSystem.java:1195)
        at org.apache.hadoop.fs.FileSystem.create(FileSystem.java:1175)
        at org.apache.parquet.hadoop.util.HadoopOutputFile.create(HadoopOutputFile.java:74)
        at org.apache.parquet.hadoop.ParquetFileWriter.<init>(ParquetFileWriter.java:347)
        at org.apache.parquet.hadoop.ParquetFileWriter.<init>(ParquetFileWriter.java:314)
        at org.apache.parquet.hadoop.ParquetOutputFormat.getRecordWriter(ParquetOutputFormat.java:484)
        at org.apache.parquet.hadoop.ParquetOutputFormat.getRecordWriter(ParquetOutputFormat.java:422)
        at org.apache.parquet.hadoop.ParquetOutputFormat.getRecordWriter(ParquetOutputFormat.java:411)
        at org.apache.spark.sql.execution.datasources.parquet.ParquetOutputWriter.<init>(ParquetOutputWriter.scala:36)
        at org.apache.spark.sql.execution.datasources.parquet.ParquetUtils$$anon$1.newInstance(ParquetUtils.scala:490)
        at org.apache.spark.sql.execution.datasources.SingleDirectoryDataWriter.newOutputWriter(FileFormatDataWriter.scala:161)
        at org.apache.spark.sql.execution.datasources.SingleDirectoryDataWriter.<init>(FileFormatDataWriter.scala:146)
        at org.apache.spark.sql.execution.datasources.FileFormatWriter$.executeTask(FileFormatWriter.scala:389)
        at org.apache.spark.sql.execution.datasources.WriteFilesExec.$anonfun$doExecuteWrite$1(WriteFiles.scala:100)
        at org.apache.spark.rdd.RDD.$anonfun$mapPartitionsInternal$2(RDD.scala:893)
        at org.apache.spark.rdd.RDD.$anonfun$mapPartitionsInternal$2$adapted(RDD.scala:893)
        at org.apache.spark.rdd.MapPartitionsRDD.compute(MapPartitionsRDD.scala:52)
        at org.apache.spark.rdd.RDD.computeOrReadCheckpoint(RDD.scala:367)
        at org.apache.spark.rdd.RDD.iterator(RDD.scala:331)
        at org.apache.spark.scheduler.ResultTask.runTask(ResultTask.scala:93)
        at org.apache.spark.TaskContext.runTaskWithListeners(TaskContext.scala:166)
        at org.apache.spark.scheduler.Task.run(Task.scala:141)
        at org.apache.spark.executor.Executor$TaskRunner.$anonfun$run$4(Executor.scala:620)
        at org.apache.spark.util.SparkErrorUtils.tryWithSafeFinally(SparkErrorUtils.scala:64)
        at org.apache.spark.util.SparkErrorUtils.tryWithSafeFinally$(SparkErrorUtils.scala:61)
        at org.apache.spark.util.Utils$.tryWithSafeFinally(Utils.scala:94)
        at org.apache.spark.executor.Executor$TaskRunner.run(Executor.scala:623)
        at java.base/java.util.concurrent.ThreadPoolExecutor.runWorker(ThreadPoolExecutor.java:1128)
        at java.base/java.util.concurrent.ThreadPoolExecutor$Worker.run(ThreadPoolExecutor.java:628)
        at java.base/java.lang.Thread.run(Thread.java:829)

Driver stacktrace:
        at org.apache.spark.scheduler.DAGScheduler.failJobAndIndependentStages(DAGScheduler.scala:2856)
        at org.apache.spark.scheduler.DAGScheduler.$anonfun$abortStage$2(DAGScheduler.scala:2792)
        at org.apache.spark.scheduler.DAGScheduler.$anonfun$abortStage$2$adapted(DAGScheduler.scala:2791)
        at scala.collection.mutable.ResizableArray.foreach(ResizableArray.scala:62)
        at scala.collection.mutable.ResizableArray.foreach$(ResizableArray.scala:55)
        at scala.collection.mutable.ArrayBuffer.foreach(ArrayBuffer.scala:49)
        at org.apache.spark.scheduler.DAGScheduler.abortStage(DAGScheduler.scala:2791)
        at org.apache.spark.scheduler.DAGScheduler.$anonfun$handleTaskSetFailed$1(DAGScheduler.scala:1247)
        at org.apache.spark.scheduler.DAGScheduler.$anonfun$handleTaskSetFailed$1$adapted(DAGScheduler.scala:1247)
        at scala.Option.foreach(Option.scala:407)
        at org.apache.spark.scheduler.DAGScheduler.handleTaskSetFailed(DAGScheduler.scala:1247)
        at org.apache.spark.scheduler.DAGSchedulerEventProcessLoop.doOnReceive(DAGScheduler.scala:3060)
        at org.apache.spark.scheduler.DAGSchedulerEventProcessLoop.onReceive(DAGScheduler.scala:2994)
        at org.apache.spark.scheduler.DAGSchedulerEventProcessLoop.onReceive(DAGScheduler.scala:2983)
        at org.apache.spark.util.EventLoop$$anon$1.run(EventLoop.scala:49)
        at org.apache.spark.scheduler.DAGScheduler.runJob(DAGScheduler.scala:989)
        at org.apache.spark.SparkContext.runJob(SparkContext.scala:2393)
        at org.apache.spark.sql.execution.datasources.FileFormatWriter$.$anonfun$executeWrite$4(FileFormatWriter.scala:307)
        at org.apache.spark.sql.execution.datasources.FileFormatWriter$.writeAndCommit(FileFormatWriter.scala:271)
        at org.apache.spark.sql.execution.datasources.FileFormatWriter$.executeWrite(FileFormatWriter.scala:304)
        at org.apache.spark.sql.execution.datasources.FileFormatWriter$.write(FileFormatWriter.scala:190)
        at org.apache.spark.sql.execution.datasources.InsertIntoHadoopFsRelationCommand.run(InsertIntoHadoopFsRelationCommand.scala:190)
        at org.apache.spark.sql.execution.command.DataWritingCommandExec.sideEffectResult$lzycompute(commands.scala:113)
        at org.apache.spark.sql.execution.command.DataWritingCommandExec.sideEffectResult(commands.scala:111)
        at org.apache.spark.sql.execution.command.DataWritingCommandExec.executeCollect(commands.scala:125)
        at org.apache.spark.sql.execution.QueryExecution$$anonfun$eagerlyExecuteCommands$1.$anonfun$applyOrElse$1(QueryExecution.scala:107)
        at org.apache.spark.sql.execution.SQLExecution$.$anonfun$withNewExecutionId$6(SQLExecution.scala:125)
        at org.apache.spark.sql.execution.SQLExecution$.withSQLConfPropagated(SQLExecution.scala:201)
        at org.apache.spark.sql.execution.SQLExecution$.$anonfun$withNewExecutionId$1(SQLExecution.scala:108)
        at org.apache.spark.sql.SparkSession.withActive(SparkSession.scala:900)
        at org.apache.spark.sql.execution.SQLExecution$.withNewExecutionId(SQLExecution.scala:66)
        at org.apache.spark.sql.execution.QueryExecution$$anonfun$eagerlyExecuteCommands$1.applyOrElse(QueryExecution.scala:107)
        at org.apache.spark.sql.execution.QueryExecution$$anonfun$eagerlyExecuteCommands$1.applyOrElse(QueryExecution.scala:98)
        at org.apache.spark.sql.catalyst.trees.TreeNode.$anonfun$transformDownWithPruning$1(TreeNode.scala:461)
        at org.apache.spark.sql.catalyst.trees.CurrentOrigin$.withOrigin(origin.scala:76)
        at org.apache.spark.sql.catalyst.trees.TreeNode.transformDownWithPruning(TreeNode.scala:461)
        at org.apache.spark.sql.catalyst.plans.logical.LogicalPlan.org$apache$spark$sql$catalyst$plans$logical$AnalysisHelper$$super$transformDownWithPruning(LogicalPlan.scala:32)
        at org.apache.spark.sql.catalyst.plans.logical.AnalysisHelper.transformDownWithPruning(AnalysisHelper.scala:267)
        at org.apache.spark.sql.catalyst.plans.logical.AnalysisHelper.transformDownWithPruning$(AnalysisHelper.scala:263)
        at org.apache.spark.sql.catalyst.plans.logical.LogicalPlan.transformDownWithPruning(LogicalPlan.scala:32)
        at org.apache.spark.sql.catalyst.plans.logical.LogicalPlan.transformDownWithPruning(LogicalPlan.scala:32)
        at org.apache.spark.sql.catalyst.trees.TreeNode.transformDown(TreeNode.scala:437)
        at org.apache.spark.sql.execution.QueryExecution.eagerlyExecuteCommands(QueryExecution.scala:98)
        at org.apache.spark.sql.execution.QueryExecution.commandExecuted$lzycompute(QueryExecution.scala:85)
        at org.apache.spark.sql.execution.QueryExecution.commandExecuted(QueryExecution.scala:83)
        at org.apache.spark.sql.execution.QueryExecution.assertCommandExecuted(QueryExecution.scala:142)
        at org.apache.spark.sql.DataFrameWriter.runCommand(DataFrameWriter.scala:869)
        at org.apache.spark.sql.DataFrameWriter.saveToV1Source(DataFrameWriter.scala:391)
        at org.apache.spark.sql.DataFrameWriter.saveInternal(DataFrameWriter.scala:364)
        at org.apache.spark.sql.DataFrameWriter.save(DataFrameWriter.scala:243)
        at org.apache.spark.sql.DataFrameWriter.parquet(DataFrameWriter.scala:802)
        at java.base/jdk.internal.reflect.NativeMethodAccessorImpl.invoke0(Native Method)
        at java.base/jdk.internal.reflect.NativeMethodAccessorImpl.invoke(NativeMethodAccessorImpl.java:62)
        at java.base/jdk.internal.reflect.DelegatingMethodAccessorImpl.invoke(DelegatingMethodAccessorImpl.java:43)
        at java.base/java.lang.reflect.Method.invoke(Method.java:566)
        at py4j.reflection.MethodInvoker.invoke(MethodInvoker.java:244)
        at py4j.reflection.ReflectionEngine.invoke(ReflectionEngine.java:374)
        at py4j.Gateway.invoke(Gateway.java:282)
        at py4j.commands.AbstractCommand.invokeMethod(AbstractCommand.java:132)
        at py4j.commands.CallCommand.execute(CallCommand.java:79)
        at py4j.ClientServerConnection.waitForCommands(ClientServerConnection.java:182)
        at py4j.ClientServerConnection.run(ClientServerConnection.java:106)
        at java.base/java.lang.Thread.run(Thread.java:829)
Caused by: java.io.IOException: Mkdirs failed to create file:/C:/Workspace/Shared/deployment/mappings/test/data/test_export/test_table.parquet/_temporary/0/_temporary/attempt_202509101453035631825439693107880_0000_m_000000_0 (exists=false, cwd=file:/C:/Users/B25712/bsrc-etl-venv/bsrc-etl)
        at org.apache.hadoop.fs.ChecksumFileSystem.create(ChecksumFileSystem.java:515)
        at org.apache.hadoop.fs.ChecksumFileSystem.create(ChecksumFileSystem.java:500)
        at org.apache.hadoop.fs.FileSystem.create(FileSystem.java:1195)
        at org.apache.hadoop.fs.FileSystem.create(FileSystem.java:1175)
        at org.apache.parquet.hadoop.util.HadoopOutputFile.create(HadoopOutputFile.java:74)
        at org.apache.parquet.hadoop.ParquetFileWriter.<init>(ParquetFileWriter.java:347)
        at org.apache.parquet.hadoop.ParquetFileWriter.<init>(ParquetFileWriter.java:314)
        at org.apache.parquet.hadoop.ParquetOutputFormat.getRecordWriter(ParquetOutputFormat.java:484)
        at org.apache.parquet.hadoop.ParquetOutputFormat.getRecordWriter(ParquetOutputFormat.java:422)
        at org.apache.parquet.hadoop.ParquetOutputFormat.getRecordWriter(ParquetOutputFormat.java:411)
        at org.apache.spark.sql.execution.datasources.parquet.ParquetOutputWriter.<init>(ParquetOutputWriter.scala:36)
        at org.apache.spark.sql.execution.datasources.parquet.ParquetUtils$$anon$1.newInstance(ParquetUtils.scala:490)
        at org.apache.spark.sql.execution.datasources.SingleDirectoryDataWriter.newOutputWriter(FileFormatDataWriter.scala:161)
        at org.apache.spark.sql.execution.datasources.SingleDirectoryDataWriter.<init>(FileFormatDataWriter.scala:146)
        at org.apache.spark.sql.execution.datasources.FileFormatWriter$.executeTask(FileFormatWriter.scala:389)
        at org.apache.spark.sql.execution.datasources.WriteFilesExec.$anonfun$doExecuteWrite$1(WriteFiles.scala:100)
        at org.apache.spark.rdd.RDD.$anonfun$mapPartitionsInternal$2(RDD.scala:893)
        at org.apache.spark.rdd.RDD.$anonfun$mapPartitionsInternal$2$adapted(RDD.scala:893)
        at org.apache.spark.rdd.MapPartitionsRDD.compute(MapPartitionsRDD.scala:52)
        at org.apache.spark.rdd.RDD.computeOrReadCheckpoint(RDD.scala:367)
        at org.apache.spark.rdd.RDD.iterator(RDD.scala:331)
        at org.apache.spark.scheduler.ResultTask.runTask(ResultTask.scala:93)
        at org.apache.spark.TaskContext.runTaskWithListeners(TaskContext.scala:166)
        at org.apache.spark.scheduler.Task.run(Task.scala:141)
        at org.apache.spark.executor.Executor$TaskRunner.$anonfun$run$4(Executor.scala:620)
        at org.apache.spark.util.SparkErrorUtils.tryWithSafeFinally(SparkErrorUtils.scala:64)
        at org.apache.spark.util.SparkErrorUtils.tryWithSafeFinally$(SparkErrorUtils.scala:61)
        at org.apache.spark.util.Utils$.tryWithSafeFinally(Utils.scala:94)
        at org.apache.spark.executor.Executor$TaskRunner.run(Executor.scala:623)
        at java.base/java.util.concurrent.ThreadPoolExecutor.runWorker(ThreadPoolExecutor.java:1128)
        at java.base/java.util.concurrent.ThreadPoolExecutor$Worker.run(ThreadPoolExecutor.java:628)
        ... 1 more

2025-09-10 14:53:05 [ERROR] export_to_parquet:  An error occurred while calling o53.parquet.
Traceback (most recent call last):
  File "C:\Users\B25712\bsrc-etl-venv\bsrc-etl\src\abnamro_bsrc_etl\utils\export_parquet.py", line 45, in export_to_parquet
    data.write.parquet(
  File "C:\Users\B25712\bsrc-etl-venv\bsrc-etl-venv\lib\site-packages\pyspark\sql\readwriter.py", line 1721, in parquet
    self._jwrite.parquet(path)
  File "C:\Users\B25712\bsrc-etl-venv\bsrc-etl-venv\lib\site-packages\py4j\java_gateway.py", line 1322, in __call__
    return_value = get_return_value(
  File "C:\Users\B25712\bsrc-etl-venv\bsrc-etl-venv\lib\site-packages\pyspark\errors\exceptions\captured.py", line 179, in deco
    return f(*a, **kw)
  File "C:\Users\B25712\bsrc-etl-venv\bsrc-etl-venv\lib\site-packages\py4j\protocol.py", line 326, in get_return_value
    raise Py4JJavaError(
py4j.protocol.Py4JJavaError: An error occurred while calling o53.parquet.
: org.apache.spark.SparkException: Job aborted due to stage failure: Task 0 in stage 0.0 failed 1 times, most recent failure: Lost task 0.0 in stage 0.0 (TID 0) (127.0.0.1 executor driver): java.io.IOException: Mkdirs failed to create file:/C:/Workspace/Shared/deployment/mappings/test/data/test_export/test_table.parquet/_temporary/0/_temporary/attempt_202509101453035631825439693107880_0000_m_000000_0 (exists=false, cwd=file:/C:/Users/B25712/bsrc-etl-venv/bsrc-etl)
        at org.apache.hadoop.fs.ChecksumFileSystem.create(ChecksumFileSystem.java:515)
        at org.apache.hadoop.fs.ChecksumFileSystem.create(ChecksumFileSystem.java:500)
        at org.apache.hadoop.fs.FileSystem.create(FileSystem.java:1195)
        at org.apache.hadoop.fs.FileSystem.create(FileSystem.java:1175)
        at org.apache.parquet.hadoop.util.HadoopOutputFile.create(HadoopOutputFile.java:74)
        at org.apache.parquet.hadoop.ParquetFileWriter.<init>(ParquetFileWriter.java:347)
        at org.apache.parquet.hadoop.ParquetFileWriter.<init>(ParquetFileWriter.java:314)
        at org.apache.parquet.hadoop.ParquetOutputFormat.getRecordWriter(ParquetOutputFormat.java:484)
        at org.apache.parquet.hadoop.ParquetOutputFormat.getRecordWriter(ParquetOutputFormat.java:422)
        at org.apache.parquet.hadoop.ParquetOutputFormat.getRecordWriter(ParquetOutputFormat.java:411)
        at org.apache.spark.sql.execution.datasources.parquet.ParquetOutputWriter.<init>(ParquetOutputWriter.scala:36)
        at org.apache.spark.sql.execution.datasources.parquet.ParquetUtils$$anon$1.newInstance(ParquetUtils.scala:490)
        at org.apache.spark.sql.execution.datasources.SingleDirectoryDataWriter.newOutputWriter(FileFormatDataWriter.scala:161)
        at org.apache.spark.sql.execution.datasources.SingleDirectoryDataWriter.<init>(FileFormatDataWriter.scala:146)
        at org.apache.spark.sql.execution.datasources.FileFormatWriter$.executeTask(FileFormatWriter.scala:389)
        at org.apache.spark.sql.execution.datasources.WriteFilesExec.$anonfun$doExecuteWrite$1(WriteFiles.scala:100)
        at org.apache.spark.rdd.RDD.$anonfun$mapPartitionsInternal$2(RDD.scala:893)
        at org.apache.spark.rdd.RDD.$anonfun$mapPartitionsInternal$2$adapted(RDD.scala:893)
        at org.apache.spark.rdd.MapPartitionsRDD.compute(MapPartitionsRDD.scala:52)
        at org.apache.spark.rdd.RDD.computeOrReadCheckpoint(RDD.scala:367)
        at org.apache.spark.rdd.RDD.iterator(RDD.scala:331)
        at org.apache.spark.scheduler.ResultTask.runTask(ResultTask.scala:93)
        at org.apache.spark.TaskContext.runTaskWithListeners(TaskContext.scala:166)
        at org.apache.spark.scheduler.Task.run(Task.scala:141)
        at org.apache.spark.executor.Executor$TaskRunner.$anonfun$run$4(Executor.scala:620)
        at org.apache.spark.util.SparkErrorUtils.tryWithSafeFinally(SparkErrorUtils.scala:64)
        at org.apache.spark.util.SparkErrorUtils.tryWithSafeFinally$(SparkErrorUtils.scala:61)
        at org.apache.spark.util.Utils$.tryWithSafeFinally(Utils.scala:94)
        at org.apache.spark.executor.Executor$TaskRunner.run(Executor.scala:623)
        at java.base/java.util.concurrent.ThreadPoolExecutor.runWorker(ThreadPoolExecutor.java:1128)
        at java.base/java.util.concurrent.ThreadPoolExecutor$Worker.run(ThreadPoolExecutor.java:628)
        at java.base/java.lang.Thread.run(Thread.java:829)

Driver stacktrace:
        at org.apache.spark.scheduler.DAGScheduler.failJobAndIndependentStages(DAGScheduler.scala:2856)
        at org.apache.spark.scheduler.DAGScheduler.$anonfun$abortStage$2(DAGScheduler.scala:2792)
        at org.apache.spark.scheduler.DAGScheduler.$anonfun$abortStage$2$adapted(DAGScheduler.scala:2791)
        at scala.collection.mutable.ResizableArray.foreach(ResizableArray.scala:62)
        at scala.collection.mutable.ResizableArray.foreach$(ResizableArray.scala:55)
        at scala.collection.mutable.ArrayBuffer.foreach(ArrayBuffer.scala:49)
        at org.apache.spark.scheduler.DAGScheduler.abortStage(DAGScheduler.scala:2791)
        at org.apache.spark.scheduler.DAGScheduler.$anonfun$handleTaskSetFailed$1(DAGScheduler.scala:1247)
        at org.apache.spark.scheduler.DAGScheduler.$anonfun$handleTaskSetFailed$1$adapted(DAGScheduler.scala:1247)
        at scala.Option.foreach(Option.scala:407)
        at org.apache.spark.scheduler.DAGScheduler.handleTaskSetFailed(DAGScheduler.scala:1247)
        at org.apache.spark.scheduler.DAGSchedulerEventProcessLoop.doOnReceive(DAGScheduler.scala:3060)
        at org.apache.spark.scheduler.DAGSchedulerEventProcessLoop.onReceive(DAGScheduler.scala:2994)
        at org.apache.spark.scheduler.DAGSchedulerEventProcessLoop.onReceive(DAGScheduler.scala:2983)
        at org.apache.spark.util.EventLoop$$anon$1.run(EventLoop.scala:49)
        at org.apache.spark.scheduler.DAGScheduler.runJob(DAGScheduler.scala:989)
        at org.apache.spark.SparkContext.runJob(SparkContext.scala:2393)
        at org.apache.spark.sql.execution.datasources.FileFormatWriter$.$anonfun$executeWrite$4(FileFormatWriter.scala:307)
        at org.apache.spark.sql.execution.datasources.FileFormatWriter$.writeAndCommit(FileFormatWriter.scala:271)
        at org.apache.spark.sql.execution.datasources.FileFormatWriter$.executeWrite(FileFormatWriter.scala:304)
        at org.apache.spark.sql.execution.datasources.FileFormatWriter$.write(FileFormatWriter.scala:190)
        at org.apache.spark.sql.execution.datasources.InsertIntoHadoopFsRelationCommand.run(InsertIntoHadoopFsRelationCommand.scala:190)
        at org.apache.spark.sql.execution.command.DataWritingCommandExec.sideEffectResult$lzycompute(commands.scala:113)
        at org.apache.spark.sql.execution.command.DataWritingCommandExec.sideEffectResult(commands.scala:111)
        at org.apache.spark.sql.execution.command.DataWritingCommandExec.executeCollect(commands.scala:125)
        at org.apache.spark.sql.execution.QueryExecution$$anonfun$eagerlyExecuteCommands$1.$anonfun$applyOrElse$1(QueryExecution.scala:107)
        at org.apache.spark.sql.execution.SQLExecution$.$anonfun$withNewExecutionId$6(SQLExecution.scala:125)
        at org.apache.spark.sql.execution.SQLExecution$.withSQLConfPropagated(SQLExecution.scala:201)
        at org.apache.spark.sql.execution.SQLExecution$.$anonfun$withNewExecutionId$1(SQLExecution.scala:108)
        at org.apache.spark.sql.SparkSession.withActive(SparkSession.scala:900)
        at org.apache.spark.sql.execution.SQLExecution$.withNewExecutionId(SQLExecution.scala:66)
        at org.apache.spark.sql.execution.QueryExecution$$anonfun$eagerlyExecuteCommands$1.applyOrElse(QueryExecution.scala:107)
        at org.apache.spark.sql.execution.QueryExecution$$anonfun$eagerlyExecuteCommands$1.applyOrElse(QueryExecution.scala:98)
        at org.apache.spark.sql.catalyst.trees.TreeNode.$anonfun$transformDownWithPruning$1(TreeNode.scala:461)
        at org.apache.spark.sql.catalyst.trees.CurrentOrigin$.withOrigin(origin.scala:76)
        at org.apache.spark.sql.catalyst.trees.TreeNode.transformDownWithPruning(TreeNode.scala:461)
        at org.apache.spark.sql.catalyst.plans.logical.LogicalPlan.org$apache$spark$sql$catalyst$plans$logical$AnalysisHelper$$super$transformDownWithPruning(LogicalPlan.scala:32)
        at org.apache.spark.sql.catalyst.plans.logical.AnalysisHelper.transformDownWithPruning(AnalysisHelper.scala:267)
        at org.apache.spark.sql.catalyst.plans.logical.AnalysisHelper.transformDownWithPruning$(AnalysisHelper.scala:263)
        at org.apache.spark.sql.catalyst.plans.logical.LogicalPlan.transformDownWithPruning(LogicalPlan.scala:32)
        at org.apache.spark.sql.catalyst.plans.logical.LogicalPlan.transformDownWithPruning(LogicalPlan.scala:32)
        at org.apache.spark.sql.catalyst.trees.TreeNode.transformDown(TreeNode.scala:437)
        at org.apache.spark.sql.execution.QueryExecution.eagerlyExecuteCommands(QueryExecution.scala:98)
        at org.apache.spark.sql.execution.QueryExecution.commandExecuted$lzycompute(QueryExecution.scala:85)
        at org.apache.spark.sql.execution.QueryExecution.commandExecuted(QueryExecution.scala:83)
        at org.apache.spark.sql.execution.QueryExecution.assertCommandExecuted(QueryExecution.scala:142)
        at org.apache.spark.sql.DataFrameWriter.runCommand(DataFrameWriter.scala:869)
        at org.apache.spark.sql.DataFrameWriter.saveToV1Source(DataFrameWriter.scala:391)
        at org.apache.spark.sql.DataFrameWriter.saveInternal(DataFrameWriter.scala:364)
        at org.apache.spark.sql.DataFrameWriter.save(DataFrameWriter.scala:243)
        at org.apache.spark.sql.DataFrameWriter.parquet(DataFrameWriter.scala:802)
        at java.base/jdk.internal.reflect.NativeMethodAccessorImpl.invoke0(Native Method)
        at java.base/jdk.internal.reflect.NativeMethodAccessorImpl.invoke(NativeMethodAccessorImpl.java:62)
        at java.base/jdk.internal.reflect.DelegatingMethodAccessorImpl.invoke(DelegatingMethodAccessorImpl.java:43)
        at java.base/java.lang.reflect.Method.invoke(Method.java:566)
        at py4j.reflection.MethodInvoker.invoke(MethodInvoker.java:244)
        at py4j.reflection.ReflectionEngine.invoke(ReflectionEngine.java:374)
        at py4j.Gateway.invoke(Gateway.java:282)
        at py4j.commands.AbstractCommand.invokeMethod(AbstractCommand.java:132)
        at py4j.commands.CallCommand.execute(CallCommand.java:79)
        at py4j.ClientServerConnection.waitForCommands(ClientServerConnection.java:182)
        at py4j.ClientServerConnection.run(ClientServerConnection.java:106)
        at java.base/java.lang.Thread.run(Thread.java:829)
Caused by: java.io.IOException: Mkdirs failed to create file:/C:/Workspace/Shared/deployment/mappings/test/data/test_export/test_table.parquet/_temporary/0/_temporary/attempt_202509101453035631825439693107880_0000_m_000000_0 (exists=false, cwd=file:/C:/Users/B25712/bsrc-etl-venv/bsrc-etl)
        at org.apache.hadoop.fs.ChecksumFileSystem.create(ChecksumFileSystem.java:515)
        at org.apache.hadoop.fs.ChecksumFileSystem.create(ChecksumFileSystem.java:500)
        at org.apache.hadoop.fs.FileSystem.create(FileSystem.java:1195)
        at org.apache.hadoop.fs.FileSystem.create(FileSystem.java:1175)
        at org.apache.parquet.hadoop.util.HadoopOutputFile.create(HadoopOutputFile.java:74)
        at org.apache.parquet.hadoop.ParquetFileWriter.<init>(ParquetFileWriter.java:347)
        at org.apache.parquet.hadoop.ParquetFileWriter.<init>(ParquetFileWriter.java:314)
        at org.apache.parquet.hadoop.ParquetOutputFormat.getRecordWriter(ParquetOutputFormat.java:484)
        at org.apache.parquet.hadoop.ParquetOutputFormat.getRecordWriter(ParquetOutputFormat.java:422)
        at org.apache.parquet.hadoop.ParquetOutputFormat.getRecordWriter(ParquetOutputFormat.java:411)
        at org.apache.spark.sql.execution.datasources.parquet.ParquetOutputWriter.<init>(ParquetOutputWriter.scala:36)
        at org.apache.spark.sql.execution.datasources.parquet.ParquetUtils$$anon$1.newInstance(ParquetUtils.scala:490)
        at org.apache.spark.sql.execution.datasources.SingleDirectoryDataWriter.newOutputWriter(FileFormatDataWriter.scala:161)
        at org.apache.spark.sql.execution.datasources.SingleDirectoryDataWriter.<init>(FileFormatDataWriter.scala:146)
        at org.apache.spark.sql.execution.datasources.FileFormatWriter$.executeTask(FileFormatWriter.scala:389)
        at org.apache.spark.sql.execution.datasources.WriteFilesExec.$anonfun$doExecuteWrite$1(WriteFiles.scala:100)
        at org.apache.spark.rdd.RDD.$anonfun$mapPartitionsInternal$2(RDD.scala:893)
        at org.apache.spark.rdd.RDD.$anonfun$mapPartitionsInternal$2$adapted(RDD.scala:893)
        at org.apache.spark.rdd.MapPartitionsRDD.compute(MapPartitionsRDD.scala:52)
        at org.apache.spark.rdd.RDD.computeOrReadCheckpoint(RDD.scala:367)
        at org.apache.spark.rdd.RDD.iterator(RDD.scala:331)
        at org.apache.spark.scheduler.ResultTask.runTask(ResultTask.scala:93)
        at org.apache.spark.TaskContext.runTaskWithListeners(TaskContext.scala:166)
        at org.apache.spark.scheduler.Task.run(Task.scala:141)
        at org.apache.spark.executor.Executor$TaskRunner.$anonfun$run$4(Executor.scala:620)
        at org.apache.spark.util.SparkErrorUtils.tryWithSafeFinally(SparkErrorUtils.scala:64)
        at org.apache.spark.util.SparkErrorUtils.tryWithSafeFinally$(SparkErrorUtils.scala:61)
        at org.apache.spark.util.Utils$.tryWithSafeFinally(Utils.scala:94)
        at org.apache.spark.executor.Executor$TaskRunner.run(Executor.scala:623)
        at java.base/java.util.concurrent.ThreadPoolExecutor.runWorker(ThreadPoolExecutor.java:1128)
        at java.base/java.util.concurrent.ThreadPoolExecutor$Worker.run(ThreadPoolExecutor.java:628)
        ... 1 more

------------------------------------------------------------------------------------- Captured stderr call ------------------------------------------------------------------------------------- 
25/09/10 14:53:02 ERROR FileOutputCommitter: Mkdirs failed to create file:/C:/Workspace/Shared/deployment/mappings/test/data/test_export/test_table.parquet/_temporary/0
25/09/10 14:53:05 ERROR Executor: Exception in task 0.0 in stage 0.0 (TID 0)/ 1]
java.io.IOException: Mkdirs failed to create file:/C:/Workspace/Shared/deployment/mappings/test/data/test_export/test_table.parquet/_temporary/0/_temporary/attempt_202509101453035631825439693107880_0000_m_000000_0 (exists=false, cwd=file:/C:/Users/B25712/bsrc-etl-venv/bsrc-etl)
        at org.apache.hadoop.fs.ChecksumFileSystem.create(ChecksumFileSystem.java:515)
        at org.apache.hadoop.fs.ChecksumFileSystem.create(ChecksumFileSystem.java:500)
        at org.apache.hadoop.fs.FileSystem.create(FileSystem.java:1195)
        at org.apache.hadoop.fs.FileSystem.create(FileSystem.java:1175)
        at org.apache.parquet.hadoop.util.HadoopOutputFile.create(HadoopOutputFile.java:74)
        at org.apache.parquet.hadoop.ParquetFileWriter.<init>(ParquetFileWriter.java:347)
        at org.apache.parquet.hadoop.ParquetFileWriter.<init>(ParquetFileWriter.java:314)
        at org.apache.parquet.hadoop.ParquetOutputFormat.getRecordWriter(ParquetOutputFormat.java:484)
        at org.apache.parquet.hadoop.ParquetOutputFormat.getRecordWriter(ParquetOutputFormat.java:422)
        at org.apache.parquet.hadoop.ParquetOutputFormat.getRecordWriter(ParquetOutputFormat.java:411)
        at org.apache.spark.sql.execution.datasources.parquet.ParquetOutputWriter.<init>(ParquetOutputWriter.scala:36)
        at org.apache.spark.sql.execution.datasources.parquet.ParquetUtils$$anon$1.newInstance(ParquetUtils.scala:490)
        at org.apache.spark.sql.execution.datasources.SingleDirectoryDataWriter.newOutputWriter(FileFormatDataWriter.scala:161)
        at org.apache.spark.sql.execution.datasources.SingleDirectoryDataWriter.<init>(FileFormatDataWriter.scala:146)
        at org.apache.spark.sql.execution.datasources.FileFormatWriter$.executeTask(FileFormatWriter.scala:389)
        at org.apache.spark.sql.execution.datasources.WriteFilesExec.$anonfun$doExecuteWrite$1(WriteFiles.scala:100)
        at org.apache.spark.rdd.RDD.$anonfun$mapPartitionsInternal$2(RDD.scala:893)
        at org.apache.spark.rdd.RDD.$anonfun$mapPartitionsInternal$2$adapted(RDD.scala:893)
        at org.apache.spark.rdd.MapPartitionsRDD.compute(MapPartitionsRDD.scala:52)
        at org.apache.spark.rdd.RDD.computeOrReadCheckpoint(RDD.scala:367)
        at org.apache.spark.rdd.RDD.iterator(RDD.scala:331)
        at org.apache.spark.scheduler.ResultTask.runTask(ResultTask.scala:93)
        at org.apache.spark.TaskContext.runTaskWithListeners(TaskContext.scala:166)
        at org.apache.spark.scheduler.Task.run(Task.scala:141)
        at org.apache.spark.executor.Executor$TaskRunner.$anonfun$run$4(Executor.scala:620)
        at org.apache.spark.util.SparkErrorUtils.tryWithSafeFinally(SparkErrorUtils.scala:64)
        at org.apache.spark.util.SparkErrorUtils.tryWithSafeFinally$(SparkErrorUtils.scala:61)
        at org.apache.spark.util.Utils$.tryWithSafeFinally(Utils.scala:94)
        at org.apache.spark.executor.Executor$TaskRunner.run(Executor.scala:623)
        at java.base/java.util.concurrent.ThreadPoolExecutor.runWorker(ThreadPoolExecutor.java:1128)
        at java.base/java.util.concurrent.ThreadPoolExecutor$Worker.run(ThreadPoolExecutor.java:628)
        at java.base/java.lang.Thread.run(Thread.java:829)
25/09/10 14:53:05 WARN TaskSetManager: Lost task 0.0 in stage 0.0 (TID 0) (127.0.0.1 executor driver): java.io.IOException: Mkdirs failed to create file:/C:/Workspace/Shared/deployment/mappings/test/data/test_export/test_table.parquet/_temporary/0/_temporary/attempt_202509101453035631825439693107880_0000_m_000000_0 (exists=false, cwd=file:/C:/Users/B25712/bsrc-etl-venv/bsrc-etl)     
        at org.apache.hadoop.fs.ChecksumFileSystem.create(ChecksumFileSystem.java:515)
        at org.apache.hadoop.fs.ChecksumFileSystem.create(ChecksumFileSystem.java:500)
        at org.apache.hadoop.fs.FileSystem.create(FileSystem.java:1195)
        at org.apache.hadoop.fs.FileSystem.create(FileSystem.java:1175)
        at org.apache.parquet.hadoop.util.HadoopOutputFile.create(HadoopOutputFile.java:74)
        at org.apache.parquet.hadoop.ParquetFileWriter.<init>(ParquetFileWriter.java:347)
        at org.apache.parquet.hadoop.ParquetFileWriter.<init>(ParquetFileWriter.java:314)
        at org.apache.parquet.hadoop.ParquetOutputFormat.getRecordWriter(ParquetOutputFormat.java:484)
        at org.apache.parquet.hadoop.ParquetOutputFormat.getRecordWriter(ParquetOutputFormat.java:422)
        at org.apache.parquet.hadoop.ParquetOutputFormat.getRecordWriter(ParquetOutputFormat.java:411)
        at org.apache.spark.sql.execution.datasources.parquet.ParquetOutputWriter.<init>(ParquetOutputWriter.scala:36)
        at org.apache.spark.sql.execution.datasources.parquet.ParquetUtils$$anon$1.newInstance(ParquetUtils.scala:490)
        at org.apache.spark.sql.execution.datasources.SingleDirectoryDataWriter.newOutputWriter(FileFormatDataWriter.scala:161)
        at org.apache.spark.sql.execution.datasources.SingleDirectoryDataWriter.<init>(FileFormatDataWriter.scala:146)
        at org.apache.spark.sql.execution.datasources.FileFormatWriter$.executeTask(FileFormatWriter.scala:389)
        at org.apache.spark.sql.execution.datasources.WriteFilesExec.$anonfun$doExecuteWrite$1(WriteFiles.scala:100)
        at org.apache.spark.rdd.RDD.$anonfun$mapPartitionsInternal$2(RDD.scala:893)
        at org.apache.spark.rdd.RDD.$anonfun$mapPartitionsInternal$2$adapted(RDD.scala:893)
        at org.apache.spark.rdd.MapPartitionsRDD.compute(MapPartitionsRDD.scala:52)
        at org.apache.spark.rdd.RDD.computeOrReadCheckpoint(RDD.scala:367)
        at org.apache.spark.rdd.RDD.iterator(RDD.scala:331)
        at org.apache.spark.scheduler.ResultTask.runTask(ResultTask.scala:93)
        at org.apache.spark.TaskContext.runTaskWithListeners(TaskContext.scala:166)
        at org.apache.spark.scheduler.Task.run(Task.scala:141)
        at org.apache.spark.executor.Executor$TaskRunner.$anonfun$run$4(Executor.scala:620)
        at org.apache.spark.util.SparkErrorUtils.tryWithSafeFinally(SparkErrorUtils.scala:64)
        at org.apache.spark.util.SparkErrorUtils.tryWithSafeFinally$(SparkErrorUtils.scala:61)
        at org.apache.spark.util.Utils$.tryWithSafeFinally(Utils.scala:94)
        at org.apache.spark.executor.Executor$TaskRunner.run(Executor.scala:623)
        at java.base/java.util.concurrent.ThreadPoolExecutor.runWorker(ThreadPoolExecutor.java:1128)
        at java.base/java.util.concurrent.ThreadPoolExecutor$Worker.run(ThreadPoolExecutor.java:628)
        at java.base/java.lang.Thread.run(Thread.java:829)

25/09/10 14:53:05 ERROR TaskSetManager: Task 0 in stage 0.0 failed 1 times; aborting job
25/09/10 14:53:05 ERROR FileFormatWriter: Aborting job 62f11198-f7a8-4b57-825d-e04eb9f9b983.
org.apache.spark.SparkException: Job aborted due to stage failure: Task 0 in stage 0.0 failed 1 times, most recent failure: Lost task 0.0 in stage 0.0 (TID 0) (127.0.0.1 executor driver): java.io.IOException: Mkdirs failed to create file:/C:/Workspace/Shared/deployment/mappings/test/data/test_export/test_table.parquet/_temporary/0/_temporary/attempt_202509101453035631825439693107880_0000_m_000000_0 (exists=false, cwd=file:/C:/Users/B25712/bsrc-etl-venv/bsrc-etl)
        at org.apache.hadoop.fs.ChecksumFileSystem.create(ChecksumFileSystem.java:515)
        at org.apache.hadoop.fs.ChecksumFileSystem.create(ChecksumFileSystem.java:500)
        at org.apache.hadoop.fs.FileSystem.create(FileSystem.java:1195)
        at org.apache.hadoop.fs.FileSystem.create(FileSystem.java:1175)
        at org.apache.parquet.hadoop.util.HadoopOutputFile.create(HadoopOutputFile.java:74)
        at org.apache.parquet.hadoop.ParquetFileWriter.<init>(ParquetFileWriter.java:347)
        at org.apache.parquet.hadoop.ParquetFileWriter.<init>(ParquetFileWriter.java:314)
        at org.apache.parquet.hadoop.ParquetOutputFormat.getRecordWriter(ParquetOutputFormat.java:484)
        at org.apache.parquet.hadoop.ParquetOutputFormat.getRecordWriter(ParquetOutputFormat.java:422)
        at org.apache.parquet.hadoop.ParquetOutputFormat.getRecordWriter(ParquetOutputFormat.java:411)
        at org.apache.spark.sql.execution.datasources.parquet.ParquetOutputWriter.<init>(ParquetOutputWriter.scala:36)
        at org.apache.spark.sql.execution.datasources.parquet.ParquetUtils$$anon$1.newInstance(ParquetUtils.scala:490)
        at org.apache.spark.sql.execution.datasources.SingleDirectoryDataWriter.newOutputWriter(FileFormatDataWriter.scala:161)
        at org.apache.spark.sql.execution.datasources.SingleDirectoryDataWriter.<init>(FileFormatDataWriter.scala:146)
        at org.apache.spark.sql.execution.datasources.FileFormatWriter$.executeTask(FileFormatWriter.scala:389)
        at org.apache.spark.sql.execution.datasources.WriteFilesExec.$anonfun$doExecuteWrite$1(WriteFiles.scala:100)
        at org.apache.spark.rdd.RDD.$anonfun$mapPartitionsInternal$2(RDD.scala:893)
        at org.apache.spark.rdd.RDD.$anonfun$mapPartitionsInternal$2$adapted(RDD.scala:893)
        at org.apache.spark.rdd.MapPartitionsRDD.compute(MapPartitionsRDD.scala:52)
        at org.apache.spark.rdd.RDD.computeOrReadCheckpoint(RDD.scala:367)
        at org.apache.spark.rdd.RDD.iterator(RDD.scala:331)
        at org.apache.spark.scheduler.ResultTask.runTask(ResultTask.scala:93)
        at org.apache.spark.TaskContext.runTaskWithListeners(TaskContext.scala:166)
        at org.apache.spark.scheduler.Task.run(Task.scala:141)
        at org.apache.spark.executor.Executor$TaskRunner.$anonfun$run$4(Executor.scala:620)
        at org.apache.spark.util.SparkErrorUtils.tryWithSafeFinally(SparkErrorUtils.scala:64)
        at org.apache.spark.util.SparkErrorUtils.tryWithSafeFinally$(SparkErrorUtils.scala:61)
        at org.apache.spark.util.Utils$.tryWithSafeFinally(Utils.scala:94)
        at org.apache.spark.executor.Executor$TaskRunner.run(Executor.scala:623)
        at java.base/java.util.concurrent.ThreadPoolExecutor.runWorker(ThreadPoolExecutor.java:1128)
        at java.base/java.util.concurrent.ThreadPoolExecutor$Worker.run(ThreadPoolExecutor.java:628)
        at java.base/java.lang.Thread.run(Thread.java:829)

Driver stacktrace:
        at org.apache.spark.scheduler.DAGScheduler.failJobAndIndependentStages(DAGScheduler.scala:2856)
        at org.apache.spark.scheduler.DAGScheduler.$anonfun$abortStage$2(DAGScheduler.scala:2792)
        at org.apache.spark.scheduler.DAGScheduler.$anonfun$abortStage$2$adapted(DAGScheduler.scala:2791)
        at scala.collection.mutable.ResizableArray.foreach(ResizableArray.scala:62)
        at scala.collection.mutable.ResizableArray.foreach$(ResizableArray.scala:55)
        at scala.collection.mutable.ArrayBuffer.foreach(ArrayBuffer.scala:49)
        at org.apache.spark.scheduler.DAGScheduler.abortStage(DAGScheduler.scala:2791)
        at org.apache.spark.scheduler.DAGScheduler.$anonfun$handleTaskSetFailed$1(DAGScheduler.scala:1247)
        at org.apache.spark.scheduler.DAGScheduler.$anonfun$handleTaskSetFailed$1$adapted(DAGScheduler.scala:1247)
        at scala.Option.foreach(Option.scala:407)
        at org.apache.spark.scheduler.DAGScheduler.handleTaskSetFailed(DAGScheduler.scala:1247)
        at org.apache.spark.scheduler.DAGSchedulerEventProcessLoop.doOnReceive(DAGScheduler.scala:3060)
        at org.apache.spark.scheduler.DAGSchedulerEventProcessLoop.onReceive(DAGScheduler.scala:2994)
        at org.apache.spark.scheduler.DAGSchedulerEventProcessLoop.onReceive(DAGScheduler.scala:2983)
        at org.apache.spark.util.EventLoop$$anon$1.run(EventLoop.scala:49)
        at org.apache.spark.scheduler.DAGScheduler.runJob(DAGScheduler.scala:989)
        at org.apache.spark.SparkContext.runJob(SparkContext.scala:2393)
        at org.apache.spark.sql.execution.datasources.FileFormatWriter$.$anonfun$executeWrite$4(FileFormatWriter.scala:307)
        at org.apache.spark.sql.execution.datasources.FileFormatWriter$.writeAndCommit(FileFormatWriter.scala:271)
        at org.apache.spark.sql.execution.datasources.FileFormatWriter$.executeWrite(FileFormatWriter.scala:304)
        at org.apache.spark.sql.execution.datasources.FileFormatWriter$.write(FileFormatWriter.scala:190)
        at org.apache.spark.sql.execution.datasources.InsertIntoHadoopFsRelationCommand.run(InsertIntoHadoopFsRelationCommand.scala:190)
        at org.apache.spark.sql.execution.command.DataWritingCommandExec.sideEffectResult$lzycompute(commands.scala:113)
        at org.apache.spark.sql.execution.command.DataWritingCommandExec.sideEffectResult(commands.scala:111)
        at org.apache.spark.sql.execution.command.DataWritingCommandExec.executeCollect(commands.scala:125)
        at org.apache.spark.sql.execution.QueryExecution$$anonfun$eagerlyExecuteCommands$1.$anonfun$applyOrElse$1(QueryExecution.scala:107)
        at org.apache.spark.sql.execution.SQLExecution$.$anonfun$withNewExecutionId$6(SQLExecution.scala:125)
        at org.apache.spark.sql.execution.SQLExecution$.withSQLConfPropagated(SQLExecution.scala:201)
        at org.apache.spark.sql.execution.SQLExecution$.$anonfun$withNewExecutionId$1(SQLExecution.scala:108)
        at org.apache.spark.sql.SparkSession.withActive(SparkSession.scala:900)
        at org.apache.spark.sql.execution.SQLExecution$.withNewExecutionId(SQLExecution.scala:66)
        at org.apache.spark.sql.execution.QueryExecution$$anonfun$eagerlyExecuteCommands$1.applyOrElse(QueryExecution.scala:107)
        at org.apache.spark.sql.execution.QueryExecution$$anonfun$eagerlyExecuteCommands$1.applyOrElse(QueryExecution.scala:98)
        at org.apache.spark.sql.catalyst.trees.TreeNode.$anonfun$transformDownWithPruning$1(TreeNode.scala:461)
        at org.apache.spark.sql.catalyst.trees.CurrentOrigin$.withOrigin(origin.scala:76)
        at org.apache.spark.sql.catalyst.trees.TreeNode.transformDownWithPruning(TreeNode.scala:461)
        at org.apache.spark.sql.catalyst.plans.logical.LogicalPlan.org$apache$spark$sql$catalyst$plans$logical$AnalysisHelper$$super$transformDownWithPruning(LogicalPlan.scala:32)
        at org.apache.spark.sql.catalyst.plans.logical.AnalysisHelper.transformDownWithPruning(AnalysisHelper.scala:267)
        at org.apache.spark.sql.catalyst.plans.logical.AnalysisHelper.transformDownWithPruning$(AnalysisHelper.scala:263)
        at org.apache.spark.sql.catalyst.plans.logical.LogicalPlan.transformDownWithPruning(LogicalPlan.scala:32)
        at org.apache.spark.sql.catalyst.plans.logical.LogicalPlan.transformDownWithPruning(LogicalPlan.scala:32)
        at org.apache.spark.sql.catalyst.trees.TreeNode.transformDown(TreeNode.scala:437)
        at org.apache.spark.sql.execution.QueryExecution.eagerlyExecuteCommands(QueryExecution.scala:98)
        at org.apache.spark.sql.execution.QueryExecution.commandExecuted$lzycompute(QueryExecution.scala:85)
        at org.apache.spark.sql.execution.QueryExecution.commandExecuted(QueryExecution.scala:83)
        at org.apache.spark.sql.execution.QueryExecution.assertCommandExecuted(QueryExecution.scala:142)
        at org.apache.spark.sql.DataFrameWriter.runCommand(DataFrameWriter.scala:869)
        at org.apache.spark.sql.DataFrameWriter.saveToV1Source(DataFrameWriter.scala:391)
        at org.apache.spark.sql.DataFrameWriter.saveInternal(DataFrameWriter.scala:364)
        at org.apache.spark.sql.DataFrameWriter.save(DataFrameWriter.scala:243)
        at org.apache.spark.sql.DataFrameWriter.parquet(DataFrameWriter.scala:802)
        at java.base/jdk.internal.reflect.NativeMethodAccessorImpl.invoke0(Native Method)
        at java.base/jdk.internal.reflect.NativeMethodAccessorImpl.invoke(NativeMethodAccessorImpl.java:62)
        at java.base/jdk.internal.reflect.DelegatingMethodAccessorImpl.invoke(DelegatingMethodAccessorImpl.java:43)
        at java.base/java.lang.reflect.Method.invoke(Method.java:566)
        at py4j.reflection.MethodInvoker.invoke(MethodInvoker.java:244)
        at py4j.reflection.ReflectionEngine.invoke(ReflectionEngine.java:374)
        at py4j.Gateway.invoke(Gateway.java:282)
        at py4j.commands.AbstractCommand.invokeMethod(AbstractCommand.java:132)
        at py4j.commands.CallCommand.execute(CallCommand.java:79)
        at py4j.ClientServerConnection.waitForCommands(ClientServerConnection.java:182)
        at py4j.ClientServerConnection.run(ClientServerConnection.java:106)
        at java.base/java.lang.Thread.run(Thread.java:829)
Caused by: java.io.IOException: Mkdirs failed to create file:/C:/Workspace/Shared/deployment/mappings/test/data/test_export/test_table.parquet/_temporary/0/_temporary/attempt_202509101453035631825439693107880_0000_m_000000_0 (exists=false, cwd=file:/C:/Users/B25712/bsrc-etl-venv/bsrc-etl)
        at org.apache.hadoop.fs.ChecksumFileSystem.create(ChecksumFileSystem.java:515)
        at org.apache.hadoop.fs.ChecksumFileSystem.create(ChecksumFileSystem.java:500)
        at org.apache.hadoop.fs.FileSystem.create(FileSystem.java:1195)
        at org.apache.hadoop.fs.FileSystem.create(FileSystem.java:1175)
        at org.apache.parquet.hadoop.util.HadoopOutputFile.create(HadoopOutputFile.java:74)
        at org.apache.parquet.hadoop.ParquetFileWriter.<init>(ParquetFileWriter.java:347)
        at org.apache.parquet.hadoop.ParquetFileWriter.<init>(ParquetFileWriter.java:314)
        at org.apache.parquet.hadoop.ParquetOutputFormat.getRecordWriter(ParquetOutputFormat.java:484)
        at org.apache.parquet.hadoop.ParquetOutputFormat.getRecordWriter(ParquetOutputFormat.java:422)
        at org.apache.parquet.hadoop.ParquetOutputFormat.getRecordWriter(ParquetOutputFormat.java:411)
        at org.apache.spark.sql.execution.datasources.parquet.ParquetOutputWriter.<init>(ParquetOutputWriter.scala:36)
        at org.apache.spark.sql.execution.datasources.parquet.ParquetUtils$$anon$1.newInstance(ParquetUtils.scala:490)
        at org.apache.spark.sql.execution.datasources.SingleDirectoryDataWriter.newOutputWriter(FileFormatDataWriter.scala:161)
        at org.apache.spark.sql.execution.datasources.SingleDirectoryDataWriter.<init>(FileFormatDataWriter.scala:146)
        at org.apache.spark.sql.execution.datasources.FileFormatWriter$.executeTask(FileFormatWriter.scala:389)
        at org.apache.spark.sql.execution.datasources.WriteFilesExec.$anonfun$doExecuteWrite$1(WriteFiles.scala:100)
        at org.apache.spark.rdd.RDD.$anonfun$mapPartitionsInternal$2(RDD.scala:893)
        at org.apache.spark.rdd.RDD.$anonfun$mapPartitionsInternal$2$adapted(RDD.scala:893)
        at org.apache.spark.rdd.MapPartitionsRDD.compute(MapPartitionsRDD.scala:52)
        at org.apache.spark.rdd.RDD.computeOrReadCheckpoint(RDD.scala:367)
        at org.apache.spark.rdd.RDD.iterator(RDD.scala:331)
        at org.apache.spark.scheduler.ResultTask.runTask(ResultTask.scala:93)
        at org.apache.spark.TaskContext.runTaskWithListeners(TaskContext.scala:166)
        at org.apache.spark.scheduler.Task.run(Task.scala:141)
        at org.apache.spark.executor.Executor$TaskRunner.$anonfun$run$4(Executor.scala:620)
        at org.apache.spark.util.SparkErrorUtils.tryWithSafeFinally(SparkErrorUtils.scala:64)
        at org.apache.spark.util.SparkErrorUtils.tryWithSafeFinally$(SparkErrorUtils.scala:61)
        at org.apache.spark.util.Utils$.tryWithSafeFinally(Utils.scala:94)
        at org.apache.spark.executor.Executor$TaskRunner.run(Executor.scala:623)
        at java.base/java.util.concurrent.ThreadPoolExecutor.runWorker(ThreadPoolExecutor.java:1128)
        at java.base/java.util.concurrent.ThreadPoolExecutor$Worker.run(ThreadPoolExecutor.java:628)
        ... 1 more
-------------------------------------------------------------------------------------- Captured log call --------------------------------------------------------------------------------------- 
ERROR    betl_src_poc_logger:export_parquet.py:50 Could not write data to parquet test_export/test_table.parquet
Traceback (most recent call last):
  File "C:\Users\B25712\bsrc-etl-venv\bsrc-etl\src\abnamro_bsrc_etl\utils\export_parquet.py", line 45, in export_to_parquet
    data.write.parquet(
  File "C:\Users\B25712\bsrc-etl-venv\bsrc-etl-venv\lib\site-packages\pyspark\sql\readwriter.py", line 1721, in parquet
    self._jwrite.parquet(path)
  File "C:\Users\B25712\bsrc-etl-venv\bsrc-etl-venv\lib\site-packages\py4j\java_gateway.py", line 1322, in __call__
    return_value = get_return_value(
  File "C:\Users\B25712\bsrc-etl-venv\bsrc-etl-venv\lib\site-packages\pyspark\errors\exceptions\captured.py", line 179, in deco
    return f(*a, **kw)
  File "C:\Users\B25712\bsrc-etl-venv\bsrc-etl-venv\lib\site-packages\py4j\protocol.py", line 326, in get_return_value
    raise Py4JJavaError(
py4j.protocol.Py4JJavaError: An error occurred while calling o53.parquet.
: org.apache.spark.SparkException: Job aborted due to stage failure: Task 0 in stage 0.0 failed 1 times, most recent failure: Lost task 0.0 in stage 0.0 (TID 0) (127.0.0.1 executor driver): java.io.IOException: Mkdirs failed to create file:/C:/Workspace/Shared/deployment/mappings/test/data/test_export/test_table.parquet/_temporary/0/_temporary/attempt_202509101453035631825439693107880_0000_m_000000_0 (exists=false, cwd=file:/C:/Users/B25712/bsrc-etl-venv/bsrc-etl)
        at org.apache.hadoop.fs.ChecksumFileSystem.create(ChecksumFileSystem.java:515)
        at org.apache.hadoop.fs.ChecksumFileSystem.create(ChecksumFileSystem.java:500)
        at org.apache.hadoop.fs.FileSystem.create(FileSystem.java:1195)
        at org.apache.hadoop.fs.FileSystem.create(FileSystem.java:1175)
        at org.apache.parquet.hadoop.util.HadoopOutputFile.create(HadoopOutputFile.java:74)
        at org.apache.parquet.hadoop.ParquetFileWriter.<init>(ParquetFileWriter.java:347)
[...]
    return_value = get_return_value(
  File "C:\Users\B25712\bsrc-etl-venv\bsrc-etl-venv\lib\site-packages\pyspark\errors\exceptions\captured.py", line 179, in deco
    return f(*a, **kw)
  File "C:\Users\B25712\bsrc-etl-venv\bsrc-etl-venv\lib\site-packages\py4j\protocol.py", line 326, in get_return_value
    raise Py4JJavaError(
py4j.protocol.Py4JJavaError: An error occurred while calling o53.parquet.
: org.apache.spark.SparkException: Job aborted due to stage failure: Task 0 in stage 0.0 failed 1 times, most recent failure: Lost task 0.0 in stage 0.0 (TID 0) (127.0.0.1 executor driver): java.io.IOException: Mkdirs failed to create file:/C:/Workspace/Shared/deployment/mappings/test/data/test_export/test_table.parquet/_temporary/0/_temporary/attempt_202509101453035631825439693107880_0000_m_000000_0 (exists=false, cwd=file:/C:/Users/B25712/bsrc-etl-venv/bsrc-etl)
        at org.apache.hadoop.fs.ChecksumFileSystem.create(ChecksumFileSystem.java:515)
        at org.apache.hadoop.fs.ChecksumFileSystem.create(ChecksumFileSystem.java:500)
        at org.apache.hadoop.fs.FileSystem.create(FileSystem.java:1195)
        at org.apache.hadoop.fs.FileSystem.create(FileSystem.java:1175)
        at org.apache.parquet.hadoop.util.HadoopOutputFile.create(HadoopOutputFile.java:74)
        at org.apache.parquet.hadoop.ParquetFileWriter.<init>(ParquetFileWriter.java:347)
        at org.apache.parquet.hadoop.ParquetFileWriter.<init>(ParquetFileWriter.java:314)
        at org.apache.parquet.hadoop.ParquetOutputFormat.getRecordWriter(ParquetOutputFormat.java:484)
        at org.apache.parquet.hadoop.ParquetOutputFormat.getRecordWriter(ParquetOutputFormat.java:422)
        at org.apache.parquet.hadoop.ParquetOutputFormat.getRecordWriter(ParquetOutputFormat.java:411)
        at org.apache.spark.sql.execution.datasources.parquet.ParquetOutputWriter.<init>(ParquetOutputWriter.scala:36)
        at org.apache.spark.sql.execution.datasources.parquet.ParquetUtils$$anon$1.newInstance(ParquetUtils.scala:490)
        at org.apache.spark.sql.execution.datasources.SingleDirectoryDataWriter.newOutputWriter(FileFormatDataWriter.scala:161)
        at org.apache.spark.sql.execution.datasources.SingleDirectoryDataWriter.<init>(FileFormatDataWriter.scala:146)
        at org.apache.spark.sql.execution.datasources.FileFormatWriter$.executeTask(FileFormatWriter.scala:389)
        at org.apache.spark.sql.execution.datasources.WriteFilesExec.$anonfun$doExecuteWrite$1(WriteFiles.scala:100)
        at org.apache.spark.rdd.RDD.$anonfun$mapPartitionsInternal$2(RDD.scala:893)
        at org.apache.spark.rdd.RDD.$anonfun$mapPartitionsInternal$2$adapted(RDD.scala:893)
        at org.apache.spark.rdd.MapPartitionsRDD.compute(MapPartitionsRDD.scala:52)
        at org.apache.spark.rdd.RDD.computeOrReadCheckpoint(RDD.scala:367)
        at org.apache.spark.rdd.RDD.iterator(RDD.scala:331)
        at org.apache.spark.scheduler.ResultTask.runTask(ResultTask.scala:93)
        at org.apache.spark.TaskContext.runTaskWithListeners(TaskContext.scala:166)
        at org.apache.spark.scheduler.Task.run(Task.scala:141)
        at org.apache.spark.executor.Executor$TaskRunner.$anonfun$run$4(Executor.scala:620)
        at org.apache.spark.util.SparkErrorUtils.tryWithSafeFinally(SparkErrorUtils.scala:64)
        at org.apache.spark.util.SparkErrorUtils.tryWithSafeFinally$(SparkErrorUtils.scala:61)
        at org.apache.spark.util.Utils$.tryWithSafeFinally(Utils.scala:94)
        at org.apache.spark.executor.Executor$TaskRunner.run(Executor.scala:623)
        at java.base/java.util.concurrent.ThreadPoolExecutor.runWorker(ThreadPoolExecutor.java:1128)
        at java.base/java.util.concurrent.ThreadPoolExecutor$Worker.run(ThreadPoolExecutor.java:628)
        at java.base/java.lang.Thread.run(Thread.java:829)

Driver stacktrace:
        at org.apache.spark.scheduler.DAGScheduler.failJobAndIndependentStages(DAGScheduler.scala:2856)
        at org.apache.spark.scheduler.DAGScheduler.$anonfun$abortStage$2(DAGScheduler.scala:2792)
        at org.apache.spark.scheduler.DAGScheduler.$anonfun$abortStage$2$adapted(DAGScheduler.scala:2791)
        at scala.collection.mutable.ResizableArray.foreach(ResizableArray.scala:62)
        at scala.collection.mutable.ResizableArray.foreach$(ResizableArray.scala:55)
        at scala.collection.mutable.ArrayBuffer.foreach(ArrayBuffer.scala:49)
        at org.apache.spark.scheduler.DAGScheduler.abortStage(DAGScheduler.scala:2791)
        at org.apache.spark.scheduler.DAGScheduler.$anonfun$handleTaskSetFailed$1(DAGScheduler.scala:1247)
        at org.apache.spark.scheduler.DAGScheduler.$anonfun$handleTaskSetFailed$1$adapted(DAGScheduler.scala:1247)
        at scala.Option.foreach(Option.scala:407)
        at org.apache.spark.scheduler.DAGScheduler.handleTaskSetFailed(DAGScheduler.scala:1247)
        at org.apache.spark.scheduler.DAGSchedulerEventProcessLoop.doOnReceive(DAGScheduler.scala:3060)
        at org.apache.spark.scheduler.DAGSchedulerEventProcessLoop.onReceive(DAGScheduler.scala:2994)
        at org.apache.spark.scheduler.DAGSchedulerEventProcessLoop.onReceive(DAGScheduler.scala:2983)
        at org.apache.spark.util.EventLoop$$anon$1.run(EventLoop.scala:49)
        at org.apache.spark.scheduler.DAGScheduler.runJob(DAGScheduler.scala:989)
        at org.apache.spark.SparkContext.runJob(SparkContext.scala:2393)
        at org.apache.spark.sql.execution.datasources.FileFormatWriter$.$anonfun$executeWrite$4(FileFormatWriter.scala:307)
        at org.apache.spark.sql.execution.datasources.FileFormatWriter$.writeAndCommit(FileFormatWriter.scala:271)
        at org.apache.spark.sql.execution.datasources.FileFormatWriter$.executeWrite(FileFormatWriter.scala:304)
        at org.apache.spark.sql.execution.datasources.FileFormatWriter$.write(FileFormatWriter.scala:190)
        at org.apache.spark.sql.execution.datasources.InsertIntoHadoopFsRelationCommand.run(InsertIntoHadoopFsRelationCommand.scala:190)
        at org.apache.spark.sql.execution.command.DataWritingCommandExec.sideEffectResult$lzycompute(commands.scala:113)
        at org.apache.spark.sql.execution.command.DataWritingCommandExec.sideEffectResult(commands.scala:111)
        at org.apache.spark.sql.execution.command.DataWritingCommandExec.executeCollect(commands.scala:125)
        at org.apache.spark.sql.execution.QueryExecution$$anonfun$eagerlyExecuteCommands$1.$anonfun$applyOrElse$1(QueryExecution.scala:107)
        at org.apache.spark.sql.execution.SQLExecution$.$anonfun$withNewExecutionId$6(SQLExecution.scala:125)
        at org.apache.spark.sql.execution.SQLExecution$.withSQLConfPropagated(SQLExecution.scala:201)
        at org.apache.spark.sql.execution.SQLExecution$.$anonfun$withNewExecutionId$1(SQLExecution.scala:108)
        at org.apache.spark.sql.SparkSession.withActive(SparkSession.scala:900)
        at org.apache.spark.sql.execution.SQLExecution$.withNewExecutionId(SQLExecution.scala:66)
        at org.apache.spark.sql.execution.QueryExecution$$anonfun$eagerlyExecuteCommands$1.applyOrElse(QueryExecution.scala:107)
        at org.apache.spark.sql.execution.QueryExecution$$anonfun$eagerlyExecuteCommands$1.applyOrElse(QueryExecution.scala:98)
        at org.apache.spark.sql.catalyst.trees.TreeNode.$anonfun$transformDownWithPruning$1(TreeNode.scala:461)
        at org.apache.spark.sql.catalyst.trees.CurrentOrigin$.withOrigin(origin.scala:76)
        at org.apache.spark.sql.catalyst.trees.TreeNode.transformDownWithPruning(TreeNode.scala:461)
        at org.apache.spark.sql.catalyst.plans.logical.LogicalPlan.org$apache$spark$sql$catalyst$plans$logical$AnalysisHelper$$super$transformDownWithPruning(LogicalPlan.scala:32)
        at org.apache.spark.sql.catalyst.plans.logical.AnalysisHelper.transformDownWithPruning(AnalysisHelper.scala:267)
        at org.apache.spark.sql.catalyst.plans.logical.AnalysisHelper.transformDownWithPruning$(AnalysisHelper.scala:263)
        at org.apache.spark.sql.catalyst.plans.logical.LogicalPlan.transformDownWithPruning(LogicalPlan.scala:32)
        at org.apache.spark.sql.catalyst.plans.logical.LogicalPlan.transformDownWithPruning(LogicalPlan.scala:32)
        at org.apache.spark.sql.catalyst.trees.TreeNode.transformDown(TreeNode.scala:437)
        at org.apache.spark.sql.execution.QueryExecution.eagerlyExecuteCommands(QueryExecution.scala:98)
        at org.apache.spark.sql.execution.QueryExecution.commandExecuted$lzycompute(QueryExecution.scala:85)
        at org.apache.spark.sql.execution.QueryExecution.commandExecuted(QueryExecution.scala:83)
        at org.apache.spark.sql.execution.QueryExecution.assertCommandExecuted(QueryExecution.scala:142)
        at org.apache.spark.sql.DataFrameWriter.runCommand(DataFrameWriter.scala:869)
        at org.apache.spark.sql.DataFrameWriter.saveToV1Source(DataFrameWriter.scala:391)
        at org.apache.spark.sql.DataFrameWriter.saveInternal(DataFrameWriter.scala:364)
        at org.apache.spark.sql.DataFrameWriter.save(DataFrameWriter.scala:243)
        at org.apache.spark.sql.DataFrameWriter.parquet(DataFrameWriter.scala:802)
        at java.base/jdk.internal.reflect.NativeMethodAccessorImpl.invoke0(Native Method)
        at java.base/jdk.internal.reflect.NativeMethodAccessorImpl.invoke(NativeMethodAccessorImpl.java:62)
        at java.base/jdk.internal.reflect.DelegatingMethodAccessorImpl.invoke(DelegatingMethodAccessorImpl.java:43)
        at java.base/java.lang.reflect.Method.invoke(Method.java:566)
        at py4j.reflection.MethodInvoker.invoke(MethodInvoker.java:244)
        at py4j.reflection.ReflectionEngine.invoke(ReflectionEngine.java:374)
        at py4j.Gateway.invoke(Gateway.java:282)
        at py4j.commands.AbstractCommand.invokeMethod(AbstractCommand.java:132)
        at py4j.commands.CallCommand.execute(CallCommand.java:79)
        at py4j.ClientServerConnection.waitForCommands(ClientServerConnection.java:182)
        at py4j.ClientServerConnection.run(ClientServerConnection.java:106)
        at java.base/java.lang.Thread.run(Thread.java:829)
Caused by: java.io.IOException: Mkdirs failed to create file:/C:/Workspace/Shared/deployment/mappings/test/data/test_export/test_table.parquet/_temporary/0/_temporary/attempt_202509101453035631825439693107880_0000_m_000000_0 (exists=false, cwd=file:/C:/Users/B25712/bsrc-etl-venv/bsrc-etl)
        at org.apache.hadoop.fs.ChecksumFileSystem.create(ChecksumFileSystem.java:515)
        at org.apache.hadoop.fs.ChecksumFileSystem.create(ChecksumFileSystem.java:500)
        at org.apache.hadoop.fs.FileSystem.create(FileSystem.java:1195)
        at org.apache.hadoop.fs.FileSystem.create(FileSystem.java:1175)
        at org.apache.parquet.hadoop.util.HadoopOutputFile.create(HadoopOutputFile.java:74)
        at org.apache.parquet.hadoop.ParquetFileWriter.<init>(ParquetFileWriter.java:347)
        at org.apache.parquet.hadoop.ParquetFileWriter.<init>(ParquetFileWriter.java:314)
        at org.apache.parquet.hadoop.ParquetOutputFormat.getRecordWriter(ParquetOutputFormat.java:484)
        at org.apache.parquet.hadoop.ParquetOutputFormat.getRecordWriter(ParquetOutputFormat.java:422)
        at org.apache.parquet.hadoop.ParquetOutputFormat.getRecordWriter(ParquetOutputFormat.java:411)
        at org.apache.spark.sql.execution.datasources.parquet.ParquetOutputWriter.<init>(ParquetOutputWriter.scala:36)
        at org.apache.spark.sql.execution.datasources.parquet.ParquetUtils$$anon$1.newInstance(ParquetUtils.scala:490)
        at org.apache.spark.sql.execution.datasources.SingleDirectoryDataWriter.newOutputWriter(FileFormatDataWriter.scala:161)
        at org.apache.spark.sql.execution.datasources.SingleDirectoryDataWriter.<init>(FileFormatDataWriter.scala:146)
        at org.apache.spark.sql.execution.datasources.FileFormatWriter$.executeTask(FileFormatWriter.scala:389)
        at org.apache.spark.sql.execution.datasources.WriteFilesExec.$anonfun$doExecuteWrite$1(WriteFiles.scala:100)
        at org.apache.spark.rdd.RDD.$anonfun$mapPartitionsInternal$2(RDD.scala:893)
        at org.apache.spark.rdd.RDD.$anonfun$mapPartitionsInternal$2$adapted(RDD.scala:893)
        at org.apache.spark.rdd.MapPartitionsRDD.compute(MapPartitionsRDD.scala:52)
        at org.apache.spark.rdd.RDD.computeOrReadCheckpoint(RDD.scala:367)
        at org.apache.spark.rdd.RDD.iterator(RDD.scala:331)
        at org.apache.spark.scheduler.ResultTask.runTask(ResultTask.scala:93)
        at org.apache.spark.TaskContext.runTaskWithListeners(TaskContext.scala:166)
        at org.apache.spark.scheduler.Task.run(Task.scala:141)
        at org.apache.spark.executor.Executor$TaskRunner.$anonfun$run$4(Executor.scala:620)
        at org.apache.spark.util.SparkErrorUtils.tryWithSafeFinally(SparkErrorUtils.scala:64)
        at org.apache.spark.util.SparkErrorUtils.tryWithSafeFinally$(SparkErrorUtils.scala:61)
        at org.apache.spark.util.Utils$.tryWithSafeFinally(Utils.scala:94)
        at org.apache.spark.executor.Executor$TaskRunner.run(Executor.scala:623)
        at java.base/java.util.concurrent.ThreadPoolExecutor.runWorker(ThreadPoolExecutor.java:1128)
        at java.base/java.util.concurrent.ThreadPoolExecutor$Worker.run(ThreadPoolExecutor.java:628)
        ... 1 more

---------- coverage: platform win32, python 3.10.11-final-0 ----------
Name                                                             Stmts   Miss  Cover   Missing
----------------------------------------------------------------------------------------------
src\__init__.py                                                      0      0   100%
src\abnamro_bsrc_etl\__init__.py                                     0      0   100%
src\abnamro_bsrc_etl\config\__init__.py                              0      0   100%
src\abnamro_bsrc_etl\config\business_logic.py                       54      0   100%
src\abnamro_bsrc_etl\config\constants.py                             2      0   100%
src\abnamro_bsrc_etl\config\exceptions.py                           37     37     0%   1-91
src\abnamro_bsrc_etl\config\process.py                               7      7     0%   1-10
src\abnamro_bsrc_etl\config\schema.py                                5      5     0%   1-52
src\abnamro_bsrc_etl\config\ssf_tables.py                            2      2     0%   1-37
src\abnamro_bsrc_etl\dq\__init__.py                                  0      0   100%
src\abnamro_bsrc_etl\dq\dq_validation.py                           153    153     0%   1-498
src\abnamro_bsrc_etl\extract\__init__.py                             0      0   100%
src\abnamro_bsrc_etl\extract\master_data_sql.py                     96     71    26%   31-33, 37-38, 42, 59-88, 109-137, 149-156, 162-164, 188, 222-231, 285-300, 329-356
src\abnamro_bsrc_etl\month_setup\__init__.py                         0      0   100%
src\abnamro_bsrc_etl\month_setup\dial_derive_snapshotdate.py        36     36     0%   1-85
src\abnamro_bsrc_etl\month_setup\metadata_log_tables.py             40     40     0%   1-203
src\abnamro_bsrc_etl\month_setup\setup_new_month.py                 29     29     0%   1-94
src\abnamro_bsrc_etl\scripts\__init__.py                             0      0   100%
src\abnamro_bsrc_etl\scripts\check_dependencies.py                  26     26     0%   1-186
src\abnamro_bsrc_etl\scripts\dial_check_delayed_files.py            27     27     0%   1-69
src\abnamro_bsrc_etl\scripts\dial_staging_process.py                65     65     0%   1-280
src\abnamro_bsrc_etl\scripts\export_tine_tables.py                  33     10    70%   38-73
src\abnamro_bsrc_etl\scripts\new_month_setup.py                      7      7     0%   1-18
src\abnamro_bsrc_etl\scripts\nonssf_staging_process.py              63     63     0%   1-279
src\abnamro_bsrc_etl\scripts\run_mapping.py                         26     26     0%   9-113
src\abnamro_bsrc_etl\scripts\ssf_staging_process.py                 58     58     0%   1-234
src\abnamro_bsrc_etl\scripts\ssf_staging_process_xml.py             24     24     0%   1-57
src\abnamro_bsrc_etl\staging\__init__.py                             0      0   100%
src\abnamro_bsrc_etl\staging\extract_base.py                        77     77     0%   1-420
src\abnamro_bsrc_etl\staging\extract_dial_data.py                   77     77     0%   1-360
src\abnamro_bsrc_etl\staging\extract_nonssf_data.py                153    153     0%   1-514
src\abnamro_bsrc_etl\staging\extract_ssf_data.py                   179    179     0%   1-622
src\abnamro_bsrc_etl\staging\status.py                              58     58     0%   1-162
src\abnamro_bsrc_etl\transform\__init__.py                           0      0   100%
src\abnamro_bsrc_etl\transform\complex_types.py                     15     15     0%   1-62
src\abnamro_bsrc_etl\transform\table_write_and_comment.py           79     79     0%   1-237
src\abnamro_bsrc_etl\transform\transform_business_logic_sql.py       9      9     0%   1-25
src\abnamro_bsrc_etl\utils\__init__.py                               0      0   100%
src\abnamro_bsrc_etl\utils\alias_util.py                            18     18     0%   1-109
src\abnamro_bsrc_etl\utils\azure_utils.py                            5      5     0%   1-13
src\abnamro_bsrc_etl\utils\export_parquet.py                        22      4    82%   56-57, 67-68
src\abnamro_bsrc_etl\utils\get_dbutils.py                            6      2    67%   7, 11
src\abnamro_bsrc_etl\utils\get_env.py                               12      6    50%   22-32, 48, 64, 84
src\abnamro_bsrc_etl\utils\logging_util.py                          10      0   100%
src\abnamro_bsrc_etl\utils\parameter_utils.py                       25     25     0%   1-116
src\abnamro_bsrc_etl\utils\parse_yaml.py                            28     28     0%   1-127
src\abnamro_bsrc_etl\utils\sources_util.py                          56     56     0%   1-218
src\abnamro_bsrc_etl\utils\table_logging.py                         19     19     0%   1-56
src\abnamro_bsrc_etl\utils\table_schema.py                           6      6     0%   1-16
src\abnamro_bsrc_etl\utils\transformations_util.py                  20     12    40%   20-25, 39, 51, 65-68
src\abnamro_bsrc_etl\utils\xml_utils.py                             86     86     0%   1-219
src\abnamro_bsrc_etl\validate\__init__.py                            0      0   100%
src\abnamro_bsrc_etl\validate\base.py                                5      5     0%   1-7
src\abnamro_bsrc_etl\validate\expressions.py                        34     34     0%   1-75
src\abnamro_bsrc_etl\validate\run_all.py                            15     15     0%   1-48
src\abnamro_bsrc_etl\validate\sources.py                            33     33     0%   1-67
src\abnamro_bsrc_etl\validate\transformations.py                   200    200     0%   1-593
src\abnamro_bsrc_etl\validate\validate_sql.py                       63     63     0%   1-130
src\abnamro_bsrc_etl\validate\yaml.py                               19     19     0%   1-34
----------------------------------------------------------------------------------------------
TOTAL                                                             2119   1969     7%
Coverage HTML written to dir htmlcov

=================================================================================== short test summary info ==================================================================================== 
FAILED test/scripts/test_export_tine_tables.py::test_create_json_metadata - AssertionError: assert False
================================================================================= 1 failed, 3 passed in 28.76s ================================================================================= 
SUCCESS: The process with PID 20844 (child process of PID 16996) has been terminated.
SUCCESS: The process with PID 16996 (child process of PID 20332) has been terminated.
SUCCESS: The process with PID 20332 (child process of PID 11460) has been terminated.
