FAILED test/test_transform/test_pipeline_yaml_integrated_target.py::test_pipeline_yaml_integrated_target[parameters0-test_catalog.test_schema_20240801.testd1_test_target_table] - FileNotFoundError: [Errno 2] No such file or directory: '\\Workspace\\Shared\\deployment\\mappings\\business_logic\\..\\test\\data\\TEST_YAML.yml'
FAILED test/test_transform/test_pipeline_yaml_integrated_target.py::test_pipeline_yaml_pivot - FileNotFoundError: [Errno 2] No such file or directory: '\\Workspace\\Shared\\deployment\\mappings\\business_logic\\..\\test\\data\\TEST_YAML_PIVOT.yml'
FAILED test/test_transform/test_pipeline_yaml_integrated_target.py::test_run_mapping - FileNotFoundError: [Errno 2] No such file or directory: '\\Workspace\\Shared\\deployment\\mappings\\business_logic\\test\\data\\TEST_YAML_PIVOT.yml'
